[  122682ms] [ERROR] Failed to load resource: the server responded with a status of 401 () @ https://challenges.cloudflare.com/cdn-cgi/challenge-platform/h/g/pat/9e4be9d84b53d494/1774924031759/f9dbbd52ab82b55fa5f36287bc2d32f8b59f68194f2ad4e93207fd030edced99/10w14h7As8fOxQq:0
[  123377ms] [ERROR]  Note that 'script-src' was not explicitly set, so 'default-src' is used as a fallback. @ https://challenges.cloudflare.com/cdn-cgi/challenge-platform/h/g/turnstile/f/ov2/av0/rch/rh3e0/0x4AAAAAAAWXJGBD7bONzLBd/auto/fbE/new/normal?lang=en-us:0
[  123646ms] [ERROR] %c%d font-size:0;color:transparent NaN @ https://challenges.cloudflare.com/cdn-cgi/challenge-platform/h/g/turnstile/f/ov2/av0/rch/rh3e0/0x4AAAAAAAWXJGBD7bONzLBd/auto/fbE/new/normal?lang=en-us:0
[  123646ms] [ERROR] %c%d font-size:0;color:transparent NaN @ https://challenges.cloudflare.com/cdn-cgi/challenge-platform/h/g/turnstile/f/ov2/av0/rch/rh3e0/0x4AAAAAAAWXJGBD7bONzLBd/auto/fbE/new/normal?lang=en-us:0
[  123654ms] [WARNING] %c%d font-size:0;color:transparent NaN @ https://challenges.cloudflare.com/cdn-cgi/challenge-platform/h/g/turnstile/f/ov2/av0/rch/rh3e0/0x4AAAAAAAWXJGBD7bONzLBd/auto/fbE/new/normal?lang=en-us:0
[  123655ms] [WARNING] %c%d font-size:0;color:transparent NaN @ https://challenges.cloudflare.com/cdn-cgi/challenge-platform/h/g/turnstile/f/ov2/av0/rch/rh3e0/0x4AAAAAAAWXJGBD7bONzLBd/auto/fbE/new/normal?lang=en-us:0
[  133184ms] [WARNING] The resource https://challenges.cloudflare.com/cdn-cgi/challenge-platform/h/g/cmg/1 was preloaded using link preload but not used within a few seconds from the window's load event. Please make sure it has an appropriate `as` value and it is preloaded intentionally. @ https://challenges.cloudflare.com/cdn-cgi/challenge-platform/h/g/turnstile/f/ov2/av0/rch/rh3e0/0x4AAAAAAAWXJGBD7bONzLBd/auto/fbE/new/normal?lang=en-us:0
[  253499ms] [ERROR] %c%d font-size:0;color:transparent NaN @ https://challenges.cloudflare.com/cdn-cgi/challenge-platform/h/g/turnstile/f/ov2/av0/rch/rh3e0/0x4AAAAAAAWXJGBD7bONzLBd/auto/fbE/auto_timeout/normal?lang=en-us:0
[  253500ms] [ERROR] %c%d font-size:0;color:transparent NaN @ https://challenges.cloudflare.com/cdn-cgi/challenge-platform/h/g/turnstile/f/ov2/av0/rch/rh3e0/0x4AAAAAAAWXJGBD7bONzLBd/auto/fbE/auto_timeout/normal?lang=en-us:0
[  253518ms] [WARNING] %c%d font-size:0;color:transparent NaN @ https://challenges.cloudflare.com/cdn-cgi/challenge-platform/h/g/turnstile/f/ov2/av0/rch/rh3e0/0x4AAAAAAAWXJGBD7bONzLBd/auto/fbE/auto_timeout/normal?lang=en-us:0
[  253518ms] [WARNING] %c%d font-size:0;color:transparent NaN @ https://challenges.cloudflare.com/cdn-cgi/challenge-platform/h/g/turnstile/f/ov2/av0/rch/rh3e0/0x4AAAAAAAWXJGBD7bONzLBd/auto/fbE/auto_timeout/normal?lang=en-us:0
[  254299ms] [ERROR]  Note that 'script-src' was not explicitly set, so 'default-src' is used as a fallback. @ https://challenges.cloudflare.com/cdn-cgi/challenge-platform/h/g/turnstile/f/ov2/av0/rch/rh3e0/0x4AAAAAAAWXJGBD7bONzLBd/auto/fbE/auto_timeout/normal?lang=en-us:0
[  255330ms] [ERROR] Failed to load resource: the server responded with a status of 401 () @ https://challenges.cloudflare.com/cdn-cgi/challenge-platform/h/g/pat/9e4bed04dee7019c/1774924162132/c3c3c5919ff2df62338247db4a27e837e903e239cf0192cc23a921dbd7b2607d/EGtFFhfy4d8RHUB:0
[  268993ms] [WARNING] The resource https://challenges.cloudflare.com/cdn-cgi/challenge-platform/h/g/cmg/1 was preloaded using link preload but not used within a few seconds from the window's load event. Please make sure it has an appropriate `as` value and it is preloaded intentionally. @ https://challenges.cloudflare.com/cdn-cgi/challenge-platform/h/g/turnstile/f/ov2/av0/rch/rh3e0/0x4AAAAAAAWXJGBD7bONzLBd/auto/fbE/auto_timeout/normal?lang=en-us:0
[  394454ms] [ERROR]  Note that 'script-src' was not explicitly set, so 'default-src' is used as a fallback. @ https://challenges.cloudflare.com/cdn-cgi/challenge-platform/h/g/turnstile/f/ov2/av0/rch/rh3e0/0x4AAAAAAAWXJGBD7bONzLBd/auto/fbE/auto_timeout/normal?lang=en-us:0
[  395167ms] [ERROR] Failed to load resource: the server responded with a status of 401 () @ https://challenges.cloudflare.com/cdn-cgi/challenge-platform/h/g/pat/9e4bf052d9b9ad3a/1774924299758/ea1a44dcb8fa1fde99ddebd204870c6299b783f67c77bfc4126d69d0b8910322/BAhxKhV4wwBvggE:0
[  396104ms] [ERROR] %c%d font-size:0;color:transparent NaN @ https://challenges.cloudflare.com/cdn-cgi/challenge-platform/h/g/turnstile/f/ov2/av0/rch/rh3e0/0x4AAAAAAAWXJGBD7bONzLBd/auto/fbE/auto_timeout/normal?lang=en-us:0
[  396105ms] [ERROR] %c%d font-size:0;color:transparent NaN @ https://challenges.cloudflare.com/cdn-cgi/challenge-platform/h/g/turnstile/f/ov2/av0/rch/rh3e0/0x4AAAAAAAWXJGBD7bONzLBd/auto/fbE/auto_timeout/normal?lang=en-us:0
[  396115ms] [WARNING] %c%d font-size:0;color:transparent NaN @ https://challenges.cloudflare.com/cdn-cgi/challenge-platform/h/g/turnstile/f/ov2/av0/rch/rh3e0/0x4AAAAAAAWXJGBD7bONzLBd/auto/fbE/auto_timeout/normal?lang=en-us:0
[  396116ms] [WARNING] %c%d font-size:0;color:transparent NaN @ https://challenges.cloudflare.com/cdn-cgi/challenge-platform/h/g/turnstile/f/ov2/av0/rch/rh3e0/0x4AAAAAAAWXJGBD7bONzLBd/auto/fbE/auto_timeout/normal?lang=en-us:0
[  411488ms] [WARNING] The resource https://challenges.cloudflare.com/cdn-cgi/challenge-platform/h/g/cmg/1 was preloaded using link preload but not used within a few seconds from the window's load event. Please make sure it has an appropriate `as` value and it is preloaded intentionally. @ https://challenges.cloudflare.com/cdn-cgi/challenge-platform/h/g/turnstile/f/ov2/av0/rch/rh3e0/0x4AAAAAAAWXJGBD7bONzLBd/auto/fbE/auto_timeout/normal?lang=en-us:0
[  532382ms] [ERROR] %c%d font-size:0;color:transparent NaN @ https://challenges.cloudflare.com/cdn-cgi/challenge-platform/h/g/turnstile/f/ov2/av0/rch/rh3e0/0x4AAAAAAAWXJGBD7bONzLBd/auto/fbE/auto_timeout/normal?lang=en-us:0
[  532383ms] [ERROR] %c%d font-size:0;color:transparent NaN @ https://challenges.cloudflare.com/cdn-cgi/challenge-platform/h/g/turnstile/f/ov2/av0/rch/rh3e0/0x4AAAAAAAWXJGBD7bONzLBd/auto/fbE/auto_timeout/normal?lang=en-us:0
[  532393ms] [WARNING] %c%d font-size:0;color:transparent NaN @ https://challenges.cloudflare.com/cdn-cgi/challenge-platform/h/g/turnstile/f/ov2/av0/rch/rh3e0/0x4AAAAAAAWXJGBD7bONzLBd/auto/fbE/auto_timeout/normal?lang=en-us:0
[  532394ms] [WARNING] %c%d font-size:0;color:transparent NaN @ https://challenges.cloudflare.com/cdn-cgi/challenge-platform/h/g/turnstile/f/ov2/av0/rch/rh3e0/0x4AAAAAAAWXJGBD7bONzLBd/auto/fbE/auto_timeout/normal?lang=en-us:0
[  533304ms] [ERROR] Failed to load resource: the server responded with a status of 401 () @ https://challenges.cloudflare.com/cdn-cgi/challenge-platform/h/g/pat/9e4bf3d07a91dec7/1774924440674/3258237d3c9b82cb3f0cc17b3a29020645f9eaa54ec5ce27db4a852eee92d009/moL3CqWsrjkIj9Z:0
[  534209ms] [ERROR]  Note that 'script-src' was not explicitly set, so 'default-src' is used as a fallback. @ https://challenges.cloudflare.com/cdn-cgi/challenge-platform/h/g/turnstile/f/ov2/av0/rch/rh3e0/0x4AAAAAAAWXJGBD7bONzLBd/auto/fbE/auto_timeout/normal?lang=en-us:0
[  544202ms] [WARNING] The resource https://challenges.cloudflare.com/cdn-cgi/challenge-platform/h/g/cmg/1 was preloaded using link preload but not used within a few seconds from the window's load event. Please make sure it has an appropriate `as` value and it is preloaded intentionally. @ https://challenges.cloudflare.com/cdn-cgi/challenge-platform/h/g/turnstile/f/ov2/av0/rch/rh3e0/0x4AAAAAAAWXJGBD7bONzLBd/auto/fbE/auto_timeout/normal?lang=en-us:0
[  547586ms] [WARNING] The resource https://challenges.cloudflare.com/cdn-cgi/challenge-platform/h/g/cmg/1 was preloaded using link preload but not used within a few seconds from the window's load event. Please make sure it has an appropriate `as` value and it is preloaded intentionally. @ https://challenges.cloudflare.com/cdn-cgi/challenge-platform/h/g/turnstile/f/ov2/av0/rch/rh3e0/0x4AAAAAAAWXJGBD7bONzLBd/auto/fbE/auto_timeout/normal?lang=en-us:0
[  671161ms] [ERROR] %c%d font-size:0;color:transparent NaN @ https://challenges.cloudflare.com/cdn-cgi/challenge-platform/h/g/turnstile/f/ov2/av0/rch/rh3e0/0x4AAAAAAAWXJGBD7bONzLBd/auto/fbE/auto_timeout/normal?lang=en-us:0
[  671162ms] [ERROR] %c%d font-size:0;color:transparent NaN @ https://challenges.cloudflare.com/cdn-cgi/challenge-platform/h/g/turnstile/f/ov2/av0/rch/rh3e0/0x4AAAAAAAWXJGBD7bONzLBd/auto/fbE/auto_timeout/normal?lang=en-us:0
[  671173ms] [WARNING] %c%d font-size:0;color:transparent NaN @ https://challenges.cloudflare.com/cdn-cgi/challenge-platform/h/g/turnstile/f/ov2/av0/rch/rh3e0/0x4AAAAAAAWXJGBD7bONzLBd/auto/fbE/auto_timeout/normal?lang=en-us:0
[  671173ms] [WARNING] %c%d font-size:0;color:transparent NaN @ https://challenges.cloudflare.com/cdn-cgi/challenge-platform/h/g/turnstile/f/ov2/av0/rch/rh3e0/0x4AAAAAAAWXJGBD7bONzLBd/auto/fbE/auto_timeout/normal?lang=en-us:0
[  672137ms] [ERROR] Failed to load resource: the server responded with a status of 401 () @ https://challenges.cloudflare.com/cdn-cgi/challenge-platform/h/g/pat/9e4bf7205b145fcb/1774924579188/3d1fcee9f12c6b970390a26b01d71b9df9420bda17a27fb4b7109f5e6ddcbc10/Kjj3bkIzAuTZrU3:0
[  673236ms] [ERROR]  Note that 'script-src' was not explicitly set, so 'default-src' is used as a fallback. @ https://challenges.cloudflare.com/cdn-cgi/challenge-platform/h/g/turnstile/f/ov2/av0/rch/rh3e0/0x4AAAAAAAWXJGBD7bONzLBd/auto/fbE/auto_timeout/normal?lang=en-us:0
[  686960ms] [WARNING] The resource https://challenges.cloudflare.com/cdn-cgi/challenge-platform/h/g/cmg/1 was preloaded using link preload but not used within a few seconds from the window's load event. Please make sure it has an appropriate `as` value and it is preloaded intentionally. @ https://challenges.cloudflare.com/cdn-cgi/challenge-platform/h/g/turnstile/f/ov2/av0/rch/rh3e0/0x4AAAAAAAWXJGBD7bONzLBd/auto/fbE/auto_timeout/normal?lang=en-us:0
[  690983ms] [WARNING] The resource https://challenges.cloudflare.com/cdn-cgi/challenge-platform/h/g/cmg/1 was preloaded using link preload but not used within a few seconds from the window's load event. Please make sure it has an appropriate `as` value and it is preloaded intentionally. @ https://challenges.cloudflare.com/cdn-cgi/challenge-platform/h/g/turnstile/f/ov2/av0/rch/rh3e0/0x4AAAAAAAWXJGBD7bONzLBd/auto/fbE/auto_timeout/normal?lang=en-us:0
[  810798ms] [ERROR]  Note that 'script-src' was not explicitly set, so 'default-src' is used as a fallback. @ https://challenges.cloudflare.com/cdn-cgi/challenge-platform/h/g/turnstile/f/ov2/av0/rch/rh3e0/0x4AAAAAAAWXJGBD7bONzLBd/auto/fbE/auto_timeout/normal?lang=en-us:0
[  811284ms] [ERROR] Failed to load resource: the server responded with a status of 401 () @ https://challenges.cloudflare.com/cdn-cgi/challenge-platform/h/g/pat/9e4bfaa218cfd13d/1774924719818/99653ad5d99c93a7f0419bff8bc19d90adf71dabe4aeb5d4ce091a5c74da7a92/5YEu4IdcO_EU37A:0
[  811929ms] [ERROR] %c%d font-size:0;color:transparent NaN @ https://challenges.cloudflare.com/cdn-cgi/challenge-platform/h/g/turnstile/f/ov2/av0/rch/rh3e0/0x4AAAAAAAWXJGBD7bONzLBd/auto/fbE/auto_timeout/normal?lang=en-us:0
[  811930ms] [ERROR] %c%d font-size:0;color:transparent NaN @ https://challenges.cloudflare.com/cdn-cgi/challenge-platform/h/g/turnstile/f/ov2/av0/rch/rh3e0/0x4AAAAAAAWXJGBD7bONzLBd/auto/fbE/auto_timeout/normal?lang=en-us:0
[  811943ms] [WARNING] %c%d font-size:0;color:transparent NaN @ https://challenges.cloudflare.com/cdn-cgi/challenge-platform/h/g/turnstile/f/ov2/av0/rch/rh3e0/0x4AAAAAAAWXJGBD7bONzLBd/auto/fbE/auto_timeout/normal?lang=en-us:0
[  811943ms] [WARNING] %c%d font-size:0;color:transparent NaN @ https://challenges.cloudflare.com/cdn-cgi/challenge-platform/h/g/turnstile/f/ov2/av0/rch/rh3e0/0x4AAAAAAAWXJGBD7bONzLBd/auto/fbE/auto_timeout/normal?lang=en-us:0
[  820876ms] [WARNING] The resource https://challenges.cloudflare.com/cdn-cgi/challenge-platform/h/g/cmg/1 was preloaded using link preload but not used within a few seconds from the window's load event. Please make sure it has an appropriate `as` value and it is preloaded intentionally. @ https://challenges.cloudflare.com/cdn-cgi/challenge-platform/h/g/turnstile/f/ov2/av0/rch/rh3e0/0x4AAAAAAAWXJGBD7bONzLBd/auto/fbE/auto_timeout/normal?lang=en-us:0
[  824203ms] [WARNING] The resource https://challenges.cloudflare.com/cdn-cgi/challenge-platform/h/g/cmg/1 was preloaded using link preload but not used within a few seconds from the window's load event. Please make sure it has an appropriate `as` value and it is preloaded intentionally. @ https://challenges.cloudflare.com/cdn-cgi/challenge-platform/h/g/turnstile/f/ov2/av0/rch/rh3e0/0x4AAAAAAAWXJGBD7bONzLBd/auto/fbE/auto_timeout/normal?lang=en-us:0
[  944075ms] [ERROR] %c%d font-size:0;color:transparent NaN @ https://challenges.cloudflare.com/cdn-cgi/challenge-platform/h/g/turnstile/f/ov2/av0/rch/rh3e0/0x4AAAAAAAWXJGBD7bONzLBd/auto/fbE/auto_timeout/normal?lang=en-us:0
[  944076ms] [ERROR] %c%d font-size:0;color:transparent NaN @ https://challenges.cloudflare.com/cdn-cgi/challenge-platform/h/g/turnstile/f/ov2/av0/rch/rh3e0/0x4AAAAAAAWXJGBD7bONzLBd/auto/fbE/auto_timeout/normal?lang=en-us:0
[  944099ms] [WARNING] %c%d font-size:0;color:transparent NaN @ https://challenges.cloudflare.com/cdn-cgi/challenge-platform/h/g/turnstile/f/ov2/av0/rch/rh3e0/0x4AAAAAAAWXJGBD7bONzLBd/auto/fbE/auto_timeout/normal?lang=en-us:0
[  944100ms] [WARNING] %c%d font-size:0;color:transparent NaN @ https://challenges.cloudflare.com/cdn-cgi/challenge-platform/h/g/turnstile/f/ov2/av0/rch/rh3e0/0x4AAAAAAAWXJGBD7bONzLBd/auto/fbE/auto_timeout/normal?lang=en-us:0
[  944797ms] [ERROR] Failed to load resource: the server responded with a status of 401 () @ https://challenges.cloudflare.com/cdn-cgi/challenge-platform/h/g/pat/9e4bfde29d83d473/1774924852722/18a04ef1c0550bf4111609f367f912d2f8420d6557807fe9f4ffca1c4411b7db/ov-IJ8E0c8x460j:0
[  944873ms] [ERROR]  Note that 'script-src' was not explicitly set, so 'default-src' is used as a fallback. @ https://challenges.cloudflare.com/cdn-cgi/challenge-platform/h/g/turnstile/f/ov2/av0/rch/rh3e0/0x4AAAAAAAWXJGBD7bONzLBd/auto/fbE/auto_timeout/normal?lang=en-us:0
[  956860ms] [WARNING] The resource https://challenges.cloudflare.com/cdn-cgi/challenge-platform/h/g/cmg/1 was preloaded using link preload but not used within a few seconds from the window's load event. Please make sure it has an appropriate `as` value and it is preloaded intentionally. @ https://challenges.cloudflare.com/cdn-cgi/challenge-platform/h/g/turnstile/f/ov2/av0/rch/rh3e0/0x4AAAAAAAWXJGBD7bONzLBd/auto/fbE/auto_timeout/normal?lang=en-us:0
[ 1078013ms] [ERROR] %c%d font-size:0;color:transparent NaN @ https://challenges.cloudflare.com/cdn-cgi/challenge-platform/h/g/turnstile/f/ov2/av0/rch/rh3e0/0x4AAAAAAAWXJGBD7bONzLBd/auto/fbE/auto_timeout/normal?lang=en-us:0
[ 1078014ms] [ERROR] %c%d font-size:0;color:transparent NaN @ https://challenges.cloudflare.com/cdn-cgi/challenge-platform/h/g/turnstile/f/ov2/av0/rch/rh3e0/0x4AAAAAAAWXJGBD7bONzLBd/auto/fbE/auto_timeout/normal?lang=en-us:0
[ 1078022ms] [WARNING] %c%d font-size:0;color:transparent NaN @ https://challenges.cloudflare.com/cdn-cgi/challenge-platform/h/g/turnstile/f/ov2/av0/rch/rh3e0/0x4AAAAAAAWXJGBD7bONzLBd/auto/fbE/auto_timeout/normal?lang=en-us:0
[ 1078022ms] [WARNING] %c%d font-size:0;color:transparent NaN @ https://challenges.cloudflare.com/cdn-cgi/challenge-platform/h/g/turnstile/f/ov2/av0/rch/rh3e0/0x4AAAAAAAWXJGBD7bONzLBd/auto/fbE/auto_timeout/normal?lang=en-us:0
[ 1078360ms] [ERROR]  Note that 'script-src' was not explicitly set, so 'default-src' is used as a fallback. @ https://challenges.cloudflare.com/cdn-cgi/challenge-platform/h/g/turnstile/f/ov2/av0/rch/rh3e0/0x4AAAAAAAWXJGBD7bONzLBd/auto/fbE/auto_timeout/normal?lang=en-us:0
[ 1079304ms] [ERROR] Failed to load resource: the server responded with a status of 401 () @ https://challenges.cloudflare.com/cdn-cgi/challenge-platform/h/g/pat/9e4c012bfc44b1aa/1774924987320/ee4b6a2fef55284fc674ec47fd5d9fd9d6bc1ab9d2212d7c5864ccf1e2189dd5/ktidA6S2IEtZqjX:0
[ 1090717ms] [WARNING] The resource https://challenges.cloudflare.com/cdn-cgi/challenge-platform/h/g/cmg/1 was preloaded using link preload but not used within a few seconds from the window's load event. Please make sure it has an appropriate `as` value and it is preloaded intentionally. @ https://challenges.cloudflare.com/cdn-cgi/challenge-platform/h/g/turnstile/f/ov2/av0/rch/rh3e0/0x4AAAAAAAWXJGBD7bONzLBd/auto/fbE/auto_timeout/normal?lang=en-us:0
[ 1094097ms] [WARNING] The resource https://challenges.cloudflare.com/cdn-cgi/challenge-platform/h/g/cmg/1 was preloaded using link preload but not used within a few seconds from the window's load event. Please make sure it has an appropriate `as` value and it is preloaded intentionally. @ https://challenges.cloudflare.com/cdn-cgi/challenge-platform/h/g/turnstile/f/ov2/av0/rch/rh3e0/0x4AAAAAAAWXJGBD7bONzLBd/auto/fbE/auto_timeout/normal?lang=en-us:0
