[  476259ms] [ERROR]  Note that 'script-src' was not explicitly set, so 'default-src' is used as a fallback. @ https://challenges.cloudflare.com/cdn-cgi/challenge-platform/h/g/turnstile/f/ov2/av0/rch/pqxwu/0x4AAAAAAAWXJGBD7bONzLBd/auto/fbE/new/normal?lang=en-us:0
[  476456ms] [ERROR] %c%d font-size:0;color:transparent NaN @ https://challenges.cloudflare.com/cdn-cgi/challenge-platform/h/g/turnstile/f/ov2/av0/rch/pqxwu/0x4AAAAAAAWXJGBD7bONzLBd/auto/fbE/new/normal?lang=en-us:0
[  476457ms] [ERROR] %c%d font-size:0;color:transparent NaN @ https://challenges.cloudflare.com/cdn-cgi/challenge-platform/h/g/turnstile/f/ov2/av0/rch/pqxwu/0x4AAAAAAAWXJGBD7bONzLBd/auto/fbE/new/normal?lang=en-us:0
[  476471ms] [WARNING] %c%d font-size:0;color:transparent NaN @ https://challenges.cloudflare.com/cdn-cgi/challenge-platform/h/g/turnstile/f/ov2/av0/rch/pqxwu/0x4AAAAAAAWXJGBD7bONzLBd/auto/fbE/new/normal?lang=en-us:0
[  476472ms] [WARNING] %c%d font-size:0;color:transparent NaN @ https://challenges.cloudflare.com/cdn-cgi/challenge-platform/h/g/turnstile/f/ov2/av0/rch/pqxwu/0x4AAAAAAAWXJGBD7bONzLBd/auto/fbE/new/normal?lang=en-us:0
[  476905ms] [ERROR] Failed to load resource: the server responded with a status of 401 () @ https://challenges.cloudflare.com/cdn-cgi/challenge-platform/h/g/pat/9e4b87234c0102cf/1774919988878/c075c4c98e76d52d8c7b96d9ee41830fdb6044f6ea0422f881e88bfd096598f3/Y8XHZmDajI0__jx:0
[  496153ms] [WARNING] The resource https://challenges.cloudflare.com/cdn-cgi/challenge-platform/h/g/cmg/1 was preloaded using link preload but not used within a few seconds from the window's load event. Please make sure it has an appropriate `as` value and it is preloaded intentionally. @ https://challenges.cloudflare.com/cdn-cgi/challenge-platform/h/g/turnstile/f/ov2/av0/rch/pqxwu/0x4AAAAAAAWXJGBD7bONzLBd/auto/fbE/new/normal?lang=en-us:0
[  616727ms] [ERROR]  Note that 'script-src' was not explicitly set, so 'default-src' is used as a fallback. @ https://challenges.cloudflare.com/cdn-cgi/challenge-platform/h/g/turnstile/f/ov2/av0/rch/pqxwu/0x4AAAAAAAWXJGBD7bONzLBd/auto/fbE/auto_timeout/normal?lang=en-us:0
[  617383ms] [ERROR] Failed to load resource: the server responded with a status of 401 () @ https://challenges.cloudflare.com/cdn-cgi/challenge-platform/h/g/pat/9e4b8a8f3cf38c76/1774920129280/9c672462a1d7feb5e419f197e14018c0952c10e99ff9054638e84b907487b9b2/k_vi33Av71hl__D:0
[  617471ms] [ERROR] %c%d font-size:0;color:transparent NaN @ https://challenges.cloudflare.com/cdn-cgi/challenge-platform/h/g/turnstile/f/ov2/av0/rch/pqxwu/0x4AAAAAAAWXJGBD7bONzLBd/auto/fbE/auto_timeout/normal?lang=en-us:0
[  617472ms] [ERROR] %c%d font-size:0;color:transparent NaN @ https://challenges.cloudflare.com/cdn-cgi/challenge-platform/h/g/turnstile/f/ov2/av0/rch/pqxwu/0x4AAAAAAAWXJGBD7bONzLBd/auto/fbE/auto_timeout/normal?lang=en-us:0
[  617480ms] [WARNING] %c%d font-size:0;color:transparent NaN @ https://challenges.cloudflare.com/cdn-cgi/challenge-platform/h/g/turnstile/f/ov2/av0/rch/pqxwu/0x4AAAAAAAWXJGBD7bONzLBd/auto/fbE/auto_timeout/normal?lang=en-us:0
[  617480ms] [WARNING] %c%d font-size:0;color:transparent NaN @ https://challenges.cloudflare.com/cdn-cgi/challenge-platform/h/g/turnstile/f/ov2/av0/rch/pqxwu/0x4AAAAAAAWXJGBD7bONzLBd/auto/fbE/auto_timeout/normal?lang=en-us:0
[  630472ms] [WARNING] The resource https://challenges.cloudflare.com/cdn-cgi/challenge-platform/h/g/cmg/1 was preloaded using link preload but not used within a few seconds from the window's load event. Please make sure it has an appropriate `as` value and it is preloaded intentionally. @ https://challenges.cloudflare.com/cdn-cgi/challenge-platform/h/g/turnstile/f/ov2/av0/rch/pqxwu/0x4AAAAAAAWXJGBD7bONzLBd/auto/fbE/auto_timeout/normal?lang=en-us:0
[  633819ms] [WARNING] The resource https://challenges.cloudflare.com/cdn-cgi/challenge-platform/h/g/cmg/1 was preloaded using link preload but not used within a few seconds from the window's load event. Please make sure it has an appropriate `as` value and it is preloaded intentionally. @ https://challenges.cloudflare.com/cdn-cgi/challenge-platform/h/g/turnstile/f/ov2/av0/rch/pqxwu/0x4AAAAAAAWXJGBD7bONzLBd/auto/fbE/auto_timeout/normal?lang=en-us:0
[  756315ms] [ERROR]  Note that 'script-src' was not explicitly set, so 'default-src' is used as a fallback. @ https://challenges.cloudflare.com/cdn-cgi/challenge-platform/h/g/turnstile/f/ov2/av0/rch/pqxwu/0x4AAAAAAAWXJGBD7bONzLBd/auto/fbE/auto_timeout/normal?lang=en-us:0
[  756630ms] [ERROR] %c%d font-size:0;color:transparent NaN @ https://challenges.cloudflare.com/cdn-cgi/challenge-platform/h/g/turnstile/f/ov2/av0/rch/pqxwu/0x4AAAAAAAWXJGBD7bONzLBd/auto/fbE/auto_timeout/normal?lang=en-us:0
[  756637ms] [ERROR] %c%d font-size:0;color:transparent NaN @ https://challenges.cloudflare.com/cdn-cgi/challenge-platform/h/g/turnstile/f/ov2/av0/rch/pqxwu/0x4AAAAAAAWXJGBD7bONzLBd/auto/fbE/auto_timeout/normal?lang=en-us:0
[  756643ms] [WARNING] %c%d font-size:0;color:transparent NaN @ https://challenges.cloudflare.com/cdn-cgi/challenge-platform/h/g/turnstile/f/ov2/av0/rch/pqxwu/0x4AAAAAAAWXJGBD7bONzLBd/auto/fbE/auto_timeout/normal?lang=en-us:0
[  756644ms] [WARNING] %c%d font-size:0;color:transparent NaN @ https://challenges.cloudflare.com/cdn-cgi/challenge-platform/h/g/turnstile/f/ov2/av0/rch/pqxwu/0x4AAAAAAAWXJGBD7bONzLBd/auto/fbE/auto_timeout/normal?lang=en-us:0
[  758418ms] [ERROR] Failed to load resource: the server responded with a status of 401 () @ https://challenges.cloudflare.com/cdn-cgi/challenge-platform/h/g/pat/9e4b8deb7a86784a/1774920267418/a55e68ae57594f108134ce2f29095b0bafb9791dbaea5f099b6ff0296375f24d/OFkgNYnedYPPJGg:0
[  771886ms] [WARNING] The resource https://challenges.cloudflare.com/cdn-cgi/challenge-platform/h/g/cmg/1 was preloaded using link preload but not used within a few seconds from the window's load event. Please make sure it has an appropriate `as` value and it is preloaded intentionally. @ https://challenges.cloudflare.com/cdn-cgi/challenge-platform/h/g/turnstile/f/ov2/av0/rch/pqxwu/0x4AAAAAAAWXJGBD7bONzLBd/auto/fbE/auto_timeout/normal?lang=en-us:0
[  891225ms] [ERROR] %c%d font-size:0;color:transparent NaN @ https://challenges.cloudflare.com/cdn-cgi/challenge-platform/h/g/turnstile/f/ov2/av0/rch/pqxwu/0x4AAAAAAAWXJGBD7bONzLBd/auto/fbE/auto_timeout/normal?lang=en-us:0
[  891227ms] [ERROR] %c%d font-size:0;color:transparent NaN @ https://challenges.cloudflare.com/cdn-cgi/challenge-platform/h/g/turnstile/f/ov2/av0/rch/pqxwu/0x4AAAAAAAWXJGBD7bONzLBd/auto/fbE/auto_timeout/normal?lang=en-us:0
[  891245ms] [WARNING] %c%d font-size:0;color:transparent NaN @ https://challenges.cloudflare.com/cdn-cgi/challenge-platform/h/g/turnstile/f/ov2/av0/rch/pqxwu/0x4AAAAAAAWXJGBD7bONzLBd/auto/fbE/auto_timeout/normal?lang=en-us:0
[  891246ms] [WARNING] %c%d font-size:0;color:transparent NaN @ https://challenges.cloudflare.com/cdn-cgi/challenge-platform/h/g/turnstile/f/ov2/av0/rch/pqxwu/0x4AAAAAAAWXJGBD7bONzLBd/auto/fbE/auto_timeout/normal?lang=en-us:0
[  892510ms] [ERROR] Failed to load resource: the server responded with a status of 401 () @ https://challenges.cloudflare.com/cdn-cgi/challenge-platform/h/g/pat/9e4b91496dd3f09b/1774920404532/5914807b88d01116a81e53a21b17fb407ad14fcccac24f7b4c23c4cd73b7ac12/_dqzgaxhk5Rax0U:0
[  893190ms] [ERROR]  Note that 'script-src' was not explicitly set, so 'default-src' is used as a fallback. @ https://challenges.cloudflare.com/cdn-cgi/challenge-platform/h/g/turnstile/f/ov2/av0/rch/pqxwu/0x4AAAAAAAWXJGBD7bONzLBd/auto/fbE/auto_timeout/normal?lang=en-us:0
[  911684ms] [WARNING] The resource https://challenges.cloudflare.com/cdn-cgi/challenge-platform/h/g/cmg/1 was preloaded using link preload but not used within a few seconds from the window's load event. Please make sure it has an appropriate `as` value and it is preloaded intentionally. @ https://challenges.cloudflare.com/cdn-cgi/challenge-platform/h/g/turnstile/f/ov2/av0/rch/pqxwu/0x4AAAAAAAWXJGBD7bONzLBd/auto/fbE/auto_timeout/normal?lang=en-us:0
[ 1031862ms] [ERROR] %c%d font-size:0;color:transparent NaN @ https://challenges.cloudflare.com/cdn-cgi/challenge-platform/h/g/turnstile/f/ov2/av0/rch/pqxwu/0x4AAAAAAAWXJGBD7bONzLBd/auto/fbE/auto_timeout/normal?lang=en-us:0
[ 1031862ms] [ERROR] %c%d font-size:0;color:transparent NaN @ https://challenges.cloudflare.com/cdn-cgi/challenge-platform/h/g/turnstile/f/ov2/av0/rch/pqxwu/0x4AAAAAAAWXJGBD7bONzLBd/auto/fbE/auto_timeout/normal?lang=en-us:0
[ 1031866ms] [WARNING] %c%d font-size:0;color:transparent NaN @ https://challenges.cloudflare.com/cdn-cgi/challenge-platform/h/g/turnstile/f/ov2/av0/rch/pqxwu/0x4AAAAAAAWXJGBD7bONzLBd/auto/fbE/auto_timeout/normal?lang=en-us:0
[ 1031867ms] [WARNING] %c%d font-size:0;color:transparent NaN @ https://challenges.cloudflare.com/cdn-cgi/challenge-platform/h/g/turnstile/f/ov2/av0/rch/pqxwu/0x4AAAAAAAWXJGBD7bONzLBd/auto/fbE/auto_timeout/normal?lang=en-us:0
[ 1032212ms] [ERROR]  Note that 'script-src' was not explicitly set, so 'default-src' is used as a fallback. @ https://challenges.cloudflare.com/cdn-cgi/challenge-platform/h/g/turnstile/f/ov2/av0/rch/pqxwu/0x4AAAAAAAWXJGBD7bONzLBd/auto/fbE/auto_timeout/normal?lang=en-us:0
[ 1032657ms] [ERROR] Failed to load resource: the server responded with a status of 401 () @ https://challenges.cloudflare.com/cdn-cgi/challenge-platform/h/g/pat/9e4b94b47e0b6ef3/1774920544806/6bc6effdd9532ff5921b9735c4befb54c92d9f0f3dc7ca07133b68de2a247723/Sh2Qq9ZA7AKG2X8:0
[ 1046913ms] [WARNING] The resource https://challenges.cloudflare.com/cdn-cgi/challenge-platform/h/g/cmg/1 was preloaded using link preload but not used within a few seconds from the window's load event. Please make sure it has an appropriate `as` value and it is preloaded intentionally. @ https://challenges.cloudflare.com/cdn-cgi/challenge-platform/h/g/turnstile/f/ov2/av0/rch/pqxwu/0x4AAAAAAAWXJGBD7bONzLBd/auto/fbE/auto_timeout/normal?lang=en-us:0
[ 1170405ms] [ERROR] %c%d font-size:0;color:transparent NaN @ https://challenges.cloudflare.com/cdn-cgi/challenge-platform/h/g/turnstile/f/ov2/av0/rch/pqxwu/0x4AAAAAAAWXJGBD7bONzLBd/auto/fbE/auto_timeout/normal?lang=en-us:0
[ 1170406ms] [ERROR] %c%d font-size:0;color:transparent NaN @ https://challenges.cloudflare.com/cdn-cgi/challenge-platform/h/g/turnstile/f/ov2/av0/rch/pqxwu/0x4AAAAAAAWXJGBD7bONzLBd/auto/fbE/auto_timeout/normal?lang=en-us:0
[ 1170435ms] [WARNING] %c%d font-size:0;color:transparent NaN @ https://challenges.cloudflare.com/cdn-cgi/challenge-platform/h/g/turnstile/f/ov2/av0/rch/pqxwu/0x4AAAAAAAWXJGBD7bONzLBd/auto/fbE/auto_timeout/normal?lang=en-us:0
[ 1170436ms] [WARNING] %c%d font-size:0;color:transparent NaN @ https://challenges.cloudflare.com/cdn-cgi/challenge-platform/h/g/turnstile/f/ov2/av0/rch/pqxwu/0x4AAAAAAAWXJGBD7bONzLBd/auto/fbE/auto_timeout/normal?lang=en-us:0
[ 1171877ms] [ERROR] Failed to load resource: the server responded with a status of 401 () @ https://challenges.cloudflare.com/cdn-cgi/challenge-platform/h/g/pat/9e4b98007be98cf9/1774920680417/c1786e7ef1d634c14c4ce567168c20aaf3298c7dedce50093e6937233e6be3e3/UiCYq3Fyil0VFtO:0
[ 1172325ms] [ERROR]  Note that 'script-src' was not explicitly set, so 'default-src' is used as a fallback. @ https://challenges.cloudflare.com/cdn-cgi/challenge-platform/h/g/turnstile/f/ov2/av0/rch/pqxwu/0x4AAAAAAAWXJGBD7bONzLBd/auto/fbE/auto_timeout/normal?lang=en-us:0
[ 1191897ms] [WARNING] The resource https://challenges.cloudflare.com/cdn-cgi/challenge-platform/h/g/cmg/1 was preloaded using link preload but not used within a few seconds from the window's load event. Please make sure it has an appropriate `as` value and it is preloaded intentionally. @ https://challenges.cloudflare.com/cdn-cgi/challenge-platform/h/g/turnstile/f/ov2/av0/rch/pqxwu/0x4AAAAAAAWXJGBD7bONzLBd/auto/fbE/auto_timeout/normal?lang=en-us:0
[ 1312297ms] [ERROR] Failed to load resource: the server responded with a status of 401 () @ https://challenges.cloudflare.com/cdn-cgi/challenge-platform/h/g/pat/9e4b9b8b5a054e30/1774920825229/77c5ce7ef1a6a9a0b0c7009e97db3fa34dbcb9587ad9a8f713ddd71b7ba6d9fd/oMsMTaDT92c-Xbg:0
[ 1312448ms] [ERROR] %c%d font-size:0;color:transparent NaN @ https://challenges.cloudflare.com/cdn-cgi/challenge-platform/h/g/turnstile/f/ov2/av0/rch/pqxwu/0x4AAAAAAAWXJGBD7bONzLBd/auto/fbE/auto_timeout/normal?lang=en-us:0
[ 1312449ms] [ERROR] %c%d font-size:0;color:transparent NaN @ https://challenges.cloudflare.com/cdn-cgi/challenge-platform/h/g/turnstile/f/ov2/av0/rch/pqxwu/0x4AAAAAAAWXJGBD7bONzLBd/auto/fbE/auto_timeout/normal?lang=en-us:0
[ 1312454ms] [WARNING] %c%d font-size:0;color:transparent NaN @ https://challenges.cloudflare.com/cdn-cgi/challenge-platform/h/g/turnstile/f/ov2/av0/rch/pqxwu/0x4AAAAAAAWXJGBD7bONzLBd/auto/fbE/auto_timeout/normal?lang=en-us:0
[ 1312454ms] [WARNING] %c%d font-size:0;color:transparent NaN @ https://challenges.cloudflare.com/cdn-cgi/challenge-platform/h/g/turnstile/f/ov2/av0/rch/pqxwu/0x4AAAAAAAWXJGBD7bONzLBd/auto/fbE/auto_timeout/normal?lang=en-us:0
[ 1313170ms] [ERROR]  Note that 'script-src' was not explicitly set, so 'default-src' is used as a fallback. @ https://challenges.cloudflare.com/cdn-cgi/challenge-platform/h/g/turnstile/f/ov2/av0/rch/pqxwu/0x4AAAAAAAWXJGBD7bONzLBd/auto/fbE/auto_timeout/normal?lang=en-us:0
[ 1328861ms] [WARNING] The resource https://challenges.cloudflare.com/cdn-cgi/challenge-platform/h/g/cmg/1 was preloaded using link preload but not used within a few seconds from the window's load event. Please make sure it has an appropriate `as` value and it is preloaded intentionally. @ https://challenges.cloudflare.com/cdn-cgi/challenge-platform/h/g/turnstile/f/ov2/av0/rch/pqxwu/0x4AAAAAAAWXJGBD7bONzLBd/auto/fbE/auto_timeout/normal?lang=en-us:0
[ 1448428ms] [ERROR] Failed to load resource: the server responded with a status of 401 () @ https://challenges.cloudflare.com/cdn-cgi/challenge-platform/h/g/pat/9e4b9ee379685ce6/1774920961788/c9c644a71fa9a282bd58c0ddf21683d260f7ce905b314297ca49b0567466d2cb/L5U143pr0rqDPex:0
[ 1448964ms] [ERROR]  Note that 'script-src' was not explicitly set, so 'default-src' is used as a fallback. @ https://challenges.cloudflare.com/cdn-cgi/challenge-platform/h/g/turnstile/f/ov2/av0/rch/pqxwu/0x4AAAAAAAWXJGBD7bONzLBd/auto/fbE/auto_timeout/normal?lang=en-us:0
[ 1450017ms] [ERROR] %c%d font-size:0;color:transparent NaN @ https://challenges.cloudflare.com/cdn-cgi/challenge-platform/h/g/turnstile/f/ov2/av0/rch/pqxwu/0x4AAAAAAAWXJGBD7bONzLBd/auto/fbE/auto_timeout/normal?lang=en-us:0
[ 1450018ms] [ERROR] %c%d font-size:0;color:transparent NaN @ https://challenges.cloudflare.com/cdn-cgi/challenge-platform/h/g/turnstile/f/ov2/av0/rch/pqxwu/0x4AAAAAAAWXJGBD7bONzLBd/auto/fbE/auto_timeout/normal?lang=en-us:0
[ 1450027ms] [WARNING] %c%d font-size:0;color:transparent NaN @ https://challenges.cloudflare.com/cdn-cgi/challenge-platform/h/g/turnstile/f/ov2/av0/rch/pqxwu/0x4AAAAAAAWXJGBD7bONzLBd/auto/fbE/auto_timeout/normal?lang=en-us:0
[ 1450027ms] [WARNING] %c%d font-size:0;color:transparent NaN @ https://challenges.cloudflare.com/cdn-cgi/challenge-platform/h/g/turnstile/f/ov2/av0/rch/pqxwu/0x4AAAAAAAWXJGBD7bONzLBd/auto/fbE/auto_timeout/normal?lang=en-us:0
[ 1468868ms] [WARNING] The resource https://challenges.cloudflare.com/cdn-cgi/challenge-platform/h/g/cmg/1 was preloaded using link preload but not used within a few seconds from the window's load event. Please make sure it has an appropriate `as` value and it is preloaded intentionally. @ https://challenges.cloudflare.com/cdn-cgi/challenge-platform/h/g/turnstile/f/ov2/av0/rch/pqxwu/0x4AAAAAAAWXJGBD7bONzLBd/auto/fbE/auto_timeout/normal?lang=en-us:0
[ 1594326ms] [ERROR] %c%d font-size:0;color:transparent NaN @ https://challenges.cloudflare.com/cdn-cgi/challenge-platform/h/g/turnstile/f/ov2/av0/rch/pqxwu/0x4AAAAAAAWXJGBD7bONzLBd/auto/fbE/auto_timeout/normal?lang=en-us:0
[ 1594327ms] [ERROR] %c%d font-size:0;color:transparent NaN @ https://challenges.cloudflare.com/cdn-cgi/challenge-platform/h/g/turnstile/f/ov2/av0/rch/pqxwu/0x4AAAAAAAWXJGBD7bONzLBd/auto/fbE/auto_timeout/normal?lang=en-us:0
[ 1594362ms] [WARNING] %c%d font-size:0;color:transparent NaN @ https://challenges.cloudflare.com/cdn-cgi/challenge-platform/h/g/turnstile/f/ov2/av0/rch/pqxwu/0x4AAAAAAAWXJGBD7bONzLBd/auto/fbE/auto_timeout/normal?lang=en-us:0
[ 1594363ms] [WARNING] %c%d font-size:0;color:transparent NaN @ https://challenges.cloudflare.com/cdn-cgi/challenge-platform/h/g/turnstile/f/ov2/av0/rch/pqxwu/0x4AAAAAAAWXJGBD7bONzLBd/auto/fbE/auto_timeout/normal?lang=en-us:0
[ 1598054ms] [ERROR] Failed to load resource: the server responded with a status of 401 () @ https://challenges.cloudflare.com/cdn-cgi/challenge-platform/h/g/pat/9e4ba24eba293573/1774921103880/611d09a57d4e9b05133fc5876d400cbc9051c555a11c621bd441b59b8be5df0a/qhsqyCO9nED-WJN:0
[ 1598108ms] [ERROR]  Note that 'script-src' was not explicitly set, so 'default-src' is used as a fallback. @ https://challenges.cloudflare.com/cdn-cgi/challenge-platform/h/g/turnstile/f/ov2/av0/rch/pqxwu/0x4AAAAAAAWXJGBD7bONzLBd/auto/fbE/auto_timeout/normal?lang=en-us:0
[ 1617978ms] [WARNING] The resource https://challenges.cloudflare.com/cdn-cgi/challenge-platform/h/g/cmg/1 was preloaded using link preload but not used within a few seconds from the window's load event. Please make sure it has an appropriate `as` value and it is preloaded intentionally. @ https://challenges.cloudflare.com/cdn-cgi/challenge-platform/h/g/turnstile/f/ov2/av0/rch/pqxwu/0x4AAAAAAAWXJGBD7bONzLBd/auto/fbE/auto_timeout/normal?lang=en-us:0
[ 1739604ms] [ERROR]  Note that 'script-src' was not explicitly set, so 'default-src' is used as a fallback. @ https://challenges.cloudflare.com/cdn-cgi/challenge-platform/h/g/turnstile/f/ov2/av0/rch/pqxwu/0x4AAAAAAAWXJGBD7bONzLBd/auto/fbE/auto_timeout/normal?lang=en-us:0
[ 1740935ms] [ERROR] %c%d font-size:0;color:transparent NaN @ https://challenges.cloudflare.com/cdn-cgi/challenge-platform/h/g/turnstile/f/ov2/av0/rch/pqxwu/0x4AAAAAAAWXJGBD7bONzLBd/auto/fbE/auto_timeout/normal?lang=en-us:0
[ 1740935ms] [ERROR] %c%d font-size:0;color:transparent NaN @ https://challenges.cloudflare.com/cdn-cgi/challenge-platform/h/g/turnstile/f/ov2/av0/rch/pqxwu/0x4AAAAAAAWXJGBD7bONzLBd/auto/fbE/auto_timeout/normal?lang=en-us:0
[ 1740942ms] [WARNING] %c%d font-size:0;color:transparent NaN @ https://challenges.cloudflare.com/cdn-cgi/challenge-platform/h/g/turnstile/f/ov2/av0/rch/pqxwu/0x4AAAAAAAWXJGBD7bONzLBd/auto/fbE/auto_timeout/normal?lang=en-us:0
[ 1740943ms] [WARNING] %c%d font-size:0;color:transparent NaN @ https://challenges.cloudflare.com/cdn-cgi/challenge-platform/h/g/turnstile/f/ov2/av0/rch/pqxwu/0x4AAAAAAAWXJGBD7bONzLBd/auto/fbE/auto_timeout/normal?lang=en-us:0
[ 1741511ms] [ERROR] Failed to load resource: the server responded with a status of 401 () @ https://challenges.cloudflare.com/cdn-cgi/challenge-platform/h/g/pat/9e4ba5f1da87d11f/1774921252119/4c6ba2da2265b990a6e1947a089cedd5bf02ad50ea113e68eabac90c9954271c/4BsZf2R09VceVMz:0
[ 1757246ms] [WARNING] The resource https://challenges.cloudflare.com/cdn-cgi/challenge-platform/h/g/cmg/1 was preloaded using link preload but not used within a few seconds from the window's load event. Please make sure it has an appropriate `as` value and it is preloaded intentionally. @ https://challenges.cloudflare.com/cdn-cgi/challenge-platform/h/g/turnstile/f/ov2/av0/rch/pqxwu/0x4AAAAAAAWXJGBD7bONzLBd/auto/fbE/auto_timeout/normal?lang=en-us:0
[ 1878512ms] [ERROR] %c%d font-size:0;color:transparent NaN @ https://challenges.cloudflare.com/cdn-cgi/challenge-platform/h/g/turnstile/f/ov2/av0/rch/pqxwu/0x4AAAAAAAWXJGBD7bONzLBd/auto/fbE/auto_timeout/normal?lang=en-us:0
[ 1878513ms] [ERROR] %c%d font-size:0;color:transparent NaN @ https://challenges.cloudflare.com/cdn-cgi/challenge-platform/h/g/turnstile/f/ov2/av0/rch/pqxwu/0x4AAAAAAAWXJGBD7bONzLBd/auto/fbE/auto_timeout/normal?lang=en-us:0
[ 1878522ms] [WARNING] %c%d font-size:0;color:transparent NaN @ https://challenges.cloudflare.com/cdn-cgi/challenge-platform/h/g/turnstile/f/ov2/av0/rch/pqxwu/0x4AAAAAAAWXJGBD7bONzLBd/auto/fbE/auto_timeout/normal?lang=en-us:0
[ 1878522ms] [WARNING] %c%d font-size:0;color:transparent NaN @ https://challenges.cloudflare.com/cdn-cgi/challenge-platform/h/g/turnstile/f/ov2/av0/rch/pqxwu/0x4AAAAAAAWXJGBD7bONzLBd/auto/fbE/auto_timeout/normal?lang=en-us:0
[ 1879459ms] [ERROR]  Note that 'script-src' was not explicitly set, so 'default-src' is used as a fallback. @ https://challenges.cloudflare.com/cdn-cgi/challenge-platform/h/g/turnstile/f/ov2/av0/rch/pqxwu/0x4AAAAAAAWXJGBD7bONzLBd/auto/fbE/auto_timeout/normal?lang=en-us:0
[ 1880141ms] [ERROR] Failed to load resource: the server responded with a status of 401 () @ https://challenges.cloudflare.com/cdn-cgi/challenge-platform/h/g/pat/9e4ba9589ca77240/1774921390903/8070b11fa865cc5cf3ea590842dea9f2ce12d53283ab9b3b5ce74267df26368a/oDVnfLx_NiSKpV0:0
[ 1894134ms] [WARNING] The resource https://challenges.cloudflare.com/cdn-cgi/challenge-platform/h/g/cmg/1 was preloaded using link preload but not used within a few seconds from the window's load event. Please make sure it has an appropriate `as` value and it is preloaded intentionally. @ https://challenges.cloudflare.com/cdn-cgi/challenge-platform/h/g/turnstile/f/ov2/av0/rch/pqxwu/0x4AAAAAAAWXJGBD7bONzLBd/auto/fbE/auto_timeout/normal?lang=en-us:0
[ 1898228ms] [WARNING] The resource https://challenges.cloudflare.com/cdn-cgi/challenge-platform/h/g/cmg/1 was preloaded using link preload but not used within a few seconds from the window's load event. Please make sure it has an appropriate `as` value and it is preloaded intentionally. @ https://challenges.cloudflare.com/cdn-cgi/challenge-platform/h/g/turnstile/f/ov2/av0/rch/pqxwu/0x4AAAAAAAWXJGBD7bONzLBd/auto/fbE/auto_timeout/normal?lang=en-us:0
[ 2020129ms] [ERROR] Failed to load resource: the server responded with a status of 401 () @ https://challenges.cloudflare.com/cdn-cgi/challenge-platform/h/g/pat/9e4bacce0f922505/1774921532325/4de3980a542229fdc1c4f53cacda6d57e2196112287d3b34c61ef1c1c3b5688b/Gff0LZZV7DHiSI2:0
[ 2020342ms] [ERROR]  Note that 'script-src' was not explicitly set, so 'default-src' is used as a fallback. @ https://challenges.cloudflare.com/cdn-cgi/challenge-platform/h/g/turnstile/f/ov2/av0/rch/pqxwu/0x4AAAAAAAWXJGBD7bONzLBd/auto/fbE/auto_timeout/normal?lang=en-us:0
[ 2021362ms] [ERROR] %c%d font-size:0;color:transparent NaN @ https://challenges.cloudflare.com/cdn-cgi/challenge-platform/h/g/turnstile/f/ov2/av0/rch/pqxwu/0x4AAAAAAAWXJGBD7bONzLBd/auto/fbE/auto_timeout/normal?lang=en-us:0
[ 2021363ms] [ERROR] %c%d font-size:0;color:transparent NaN @ https://challenges.cloudflare.com/cdn-cgi/challenge-platform/h/g/turnstile/f/ov2/av0/rch/pqxwu/0x4AAAAAAAWXJGBD7bONzLBd/auto/fbE/auto_timeout/normal?lang=en-us:0
[ 2021373ms] [WARNING] %c%d font-size:0;color:transparent NaN @ https://challenges.cloudflare.com/cdn-cgi/challenge-platform/h/g/turnstile/f/ov2/av0/rch/pqxwu/0x4AAAAAAAWXJGBD7bONzLBd/auto/fbE/auto_timeout/normal?lang=en-us:0
[ 2021374ms] [WARNING] %c%d font-size:0;color:transparent NaN @ https://challenges.cloudflare.com/cdn-cgi/challenge-platform/h/g/turnstile/f/ov2/av0/rch/pqxwu/0x4AAAAAAAWXJGBD7bONzLBd/auto/fbE/auto_timeout/normal?lang=en-us:0
[ 2039470ms] [WARNING] The resource https://challenges.cloudflare.com/cdn-cgi/challenge-platform/h/g/cmg/1 was preloaded using link preload but not used within a few seconds from the window's load event. Please make sure it has an appropriate `as` value and it is preloaded intentionally. @ https://challenges.cloudflare.com/cdn-cgi/challenge-platform/h/g/turnstile/f/ov2/av0/rch/pqxwu/0x4AAAAAAAWXJGBD7bONzLBd/auto/fbE/auto_timeout/normal?lang=en-us:0
[ 2163176ms] [ERROR] %c%d font-size:0;color:transparent NaN @ https://challenges.cloudflare.com/cdn-cgi/challenge-platform/h/g/turnstile/f/ov2/av0/rch/pqxwu/0x4AAAAAAAWXJGBD7bONzLBd/auto/fbE/auto_timeout/normal?lang=en-us:0
[ 2163176ms] [ERROR] %c%d font-size:0;color:transparent NaN @ https://challenges.cloudflare.com/cdn-cgi/challenge-platform/h/g/turnstile/f/ov2/av0/rch/pqxwu/0x4AAAAAAAWXJGBD7bONzLBd/auto/fbE/auto_timeout/normal?lang=en-us:0
[ 2163187ms] [WARNING] %c%d font-size:0;color:transparent NaN @ https://challenges.cloudflare.com/cdn-cgi/challenge-platform/h/g/turnstile/f/ov2/av0/rch/pqxwu/0x4AAAAAAAWXJGBD7bONzLBd/auto/fbE/auto_timeout/normal?lang=en-us:0
[ 2163188ms] [WARNING] %c%d font-size:0;color:transparent NaN @ https://challenges.cloudflare.com/cdn-cgi/challenge-platform/h/g/turnstile/f/ov2/av0/rch/pqxwu/0x4AAAAAAAWXJGBD7bONzLBd/auto/fbE/auto_timeout/normal?lang=en-us:0
[ 2163752ms] [ERROR] Failed to load resource: the server responded with a status of 401 () @ https://challenges.cloudflare.com/cdn-cgi/challenge-platform/h/g/pat/9e4bb03cad8c468e/1774921672956/161050496be823a3e925c1a4815369f2bf43cb548874eebe12f9210288c1871d/p_uUtx1IGBnBoip:0
[ 2163817ms] [ERROR]  Note that 'script-src' was not explicitly set, so 'default-src' is used as a fallback. @ https://challenges.cloudflare.com/cdn-cgi/challenge-platform/h/g/turnstile/f/ov2/av0/rch/pqxwu/0x4AAAAAAAWXJGBD7bONzLBd/auto/fbE/auto_timeout/normal?lang=en-us:0
[ 2176656ms] [WARNING] The resource https://challenges.cloudflare.com/cdn-cgi/challenge-platform/h/g/cmg/1 was preloaded using link preload but not used within a few seconds from the window's load event. Please make sure it has an appropriate `as` value and it is preloaded intentionally. @ https://challenges.cloudflare.com/cdn-cgi/challenge-platform/h/g/turnstile/f/ov2/av0/rch/pqxwu/0x4AAAAAAAWXJGBD7bONzLBd/auto/fbE/auto_timeout/normal?lang=en-us:0
[ 2180908ms] [WARNING] The resource https://challenges.cloudflare.com/cdn-cgi/challenge-platform/h/g/cmg/1 was preloaded using link preload but not used within a few seconds from the window's load event. Please make sure it has an appropriate `as` value and it is preloaded intentionally. @ https://challenges.cloudflare.com/cdn-cgi/challenge-platform/h/g/turnstile/f/ov2/av0/rch/pqxwu/0x4AAAAAAAWXJGBD7bONzLBd/auto/fbE/auto_timeout/normal?lang=en-us:0
[ 2301835ms] [ERROR] Failed to load resource: the server responded with a status of 401 () @ https://challenges.cloudflare.com/cdn-cgi/challenge-platform/h/g/pat/9e4bb3b37f4cd0b3/1774921814140/18f6c3542d5e533c385f20a1e9935a4c9825f80567085b308d5b14285377a393/CH-Kt8ROLUedtFm:0
[ 2302273ms] [ERROR]  Note that 'script-src' was not explicitly set, so 'default-src' is used as a fallback. @ https://challenges.cloudflare.com/cdn-cgi/challenge-platform/h/g/turnstile/f/ov2/av0/rch/pqxwu/0x4AAAAAAAWXJGBD7bONzLBd/auto/fbE/auto_timeout/normal?lang=en-us:0
[ 2302531ms] [ERROR] %c%d font-size:0;color:transparent NaN @ https://challenges.cloudflare.com/cdn-cgi/challenge-platform/h/g/turnstile/f/ov2/av0/rch/pqxwu/0x4AAAAAAAWXJGBD7bONzLBd/auto/fbE/auto_timeout/normal?lang=en-us:0
[ 2302533ms] [ERROR] %c%d font-size:0;color:transparent NaN @ https://challenges.cloudflare.com/cdn-cgi/challenge-platform/h/g/turnstile/f/ov2/av0/rch/pqxwu/0x4AAAAAAAWXJGBD7bONzLBd/auto/fbE/auto_timeout/normal?lang=en-us:0
[ 2302552ms] [WARNING] %c%d font-size:0;color:transparent NaN @ https://challenges.cloudflare.com/cdn-cgi/challenge-platform/h/g/turnstile/f/ov2/av0/rch/pqxwu/0x4AAAAAAAWXJGBD7bONzLBd/auto/fbE/auto_timeout/normal?lang=en-us:0
[ 2302553ms] [WARNING] %c%d font-size:0;color:transparent NaN @ https://challenges.cloudflare.com/cdn-cgi/challenge-platform/h/g/turnstile/f/ov2/av0/rch/pqxwu/0x4AAAAAAAWXJGBD7bONzLBd/auto/fbE/auto_timeout/normal?lang=en-us:0
[ 2317798ms] [WARNING] The resource https://challenges.cloudflare.com/cdn-cgi/challenge-platform/h/g/cmg/1 was preloaded using link preload but not used within a few seconds from the window's load event. Please make sure it has an appropriate `as` value and it is preloaded intentionally. @ https://challenges.cloudflare.com/cdn-cgi/challenge-platform/h/g/turnstile/f/ov2/av0/rch/pqxwu/0x4AAAAAAAWXJGBD7bONzLBd/auto/fbE/auto_timeout/normal?lang=en-us:0
[ 2437284ms] [ERROR]  Note that 'script-src' was not explicitly set, so 'default-src' is used as a fallback. @ https://challenges.cloudflare.com/cdn-cgi/challenge-platform/h/g/turnstile/f/ov2/av0/rch/pqxwu/0x4AAAAAAAWXJGBD7bONzLBd/auto/fbE/auto_timeout/normal?lang=en-us:0
[ 2438735ms] [ERROR] %c%d font-size:0;color:transparent NaN @ https://challenges.cloudflare.com/cdn-cgi/challenge-platform/h/g/turnstile/f/ov2/av0/rch/pqxwu/0x4AAAAAAAWXJGBD7bONzLBd/auto/fbE/auto_timeout/normal?lang=en-us:0
[ 2438735ms] [ERROR] %c%d font-size:0;color:transparent NaN @ https://challenges.cloudflare.com/cdn-cgi/challenge-platform/h/g/turnstile/f/ov2/av0/rch/pqxwu/0x4AAAAAAAWXJGBD7bONzLBd/auto/fbE/auto_timeout/normal?lang=en-us:0
[ 2438743ms] [WARNING] %c%d font-size:0;color:transparent NaN @ https://challenges.cloudflare.com/cdn-cgi/challenge-platform/h/g/turnstile/f/ov2/av0/rch/pqxwu/0x4AAAAAAAWXJGBD7bONzLBd/auto/fbE/auto_timeout/normal?lang=en-us:0
[ 2438743ms] [WARNING] %c%d font-size:0;color:transparent NaN @ https://challenges.cloudflare.com/cdn-cgi/challenge-platform/h/g/turnstile/f/ov2/av0/rch/pqxwu/0x4AAAAAAAWXJGBD7bONzLBd/auto/fbE/auto_timeout/normal?lang=en-us:0
[ 2439314ms] [ERROR] Failed to load resource: the server responded with a status of 401 () @ https://challenges.cloudflare.com/cdn-cgi/challenge-platform/h/g/pat/9e4bb7073cf4d0af/1774921950501/89211ef83f224ae1d20034f671f20a5675b4cf246e39a683ca01659694e1e9ee/3IYbXlw-lG2N3m0:0
[ 2447121ms] [WARNING] The resource https://challenges.cloudflare.com/cdn-cgi/challenge-platform/h/g/cmg/1 was preloaded using link preload but not used within a few seconds from the window's load event. Please make sure it has an appropriate `as` value and it is preloaded intentionally. @ https://challenges.cloudflare.com/cdn-cgi/challenge-platform/h/g/turnstile/f/ov2/av0/rch/pqxwu/0x4AAAAAAAWXJGBD7bONzLBd/auto/fbE/auto_timeout/normal?lang=en-us:0
[ 2450521ms] [WARNING] The resource https://challenges.cloudflare.com/cdn-cgi/challenge-platform/h/g/cmg/1 was preloaded using link preload but not used within a few seconds from the window's load event. Please make sure it has an appropriate `as` value and it is preloaded intentionally. @ https://challenges.cloudflare.com/cdn-cgi/challenge-platform/h/g/turnstile/f/ov2/av0/rch/pqxwu/0x4AAAAAAAWXJGBD7bONzLBd/auto/fbE/auto_timeout/normal?lang=en-us:0
[ 2571408ms] [ERROR] Failed to load resource: the server responded with a status of 401 () @ https://challenges.cloudflare.com/cdn-cgi/challenge-platform/h/g/pat/9e4bba481cbb85fe/1774922084060/01912519572fbf02f397e2098f0762225d4cef2ac11d8b60adf7a5e8be30e5ad/KJlDjKqA4lHPP0c:0
[ 2571669ms] [ERROR]  Note that 'script-src' was not explicitly set, so 'default-src' is used as a fallback. @ https://challenges.cloudflare.com/cdn-cgi/challenge-platform/h/g/turnstile/f/ov2/av0/rch/pqxwu/0x4AAAAAAAWXJGBD7bONzLBd/auto/fbE/auto_timeout/normal?lang=en-us:0
[ 2572636ms] [ERROR] %c%d font-size:0;color:transparent NaN @ https://challenges.cloudflare.com/cdn-cgi/challenge-platform/h/g/turnstile/f/ov2/av0/rch/pqxwu/0x4AAAAAAAWXJGBD7bONzLBd/auto/fbE/auto_timeout/normal?lang=en-us:0
[ 2572636ms] [ERROR] %c%d font-size:0;color:transparent NaN @ https://challenges.cloudflare.com/cdn-cgi/challenge-platform/h/g/turnstile/f/ov2/av0/rch/pqxwu/0x4AAAAAAAWXJGBD7bONzLBd/auto/fbE/auto_timeout/normal?lang=en-us:0
[ 2572641ms] [WARNING] %c%d font-size:0;color:transparent NaN @ https://challenges.cloudflare.com/cdn-cgi/challenge-platform/h/g/turnstile/f/ov2/av0/rch/pqxwu/0x4AAAAAAAWXJGBD7bONzLBd/auto/fbE/auto_timeout/normal?lang=en-us:0
[ 2572642ms] [WARNING] %c%d font-size:0;color:transparent NaN @ https://challenges.cloudflare.com/cdn-cgi/challenge-platform/h/g/turnstile/f/ov2/av0/rch/pqxwu/0x4AAAAAAAWXJGBD7bONzLBd/auto/fbE/auto_timeout/normal?lang=en-us:0
[ 2582489ms] [WARNING] The resource https://challenges.cloudflare.com/cdn-cgi/challenge-platform/h/g/cmg/1 was preloaded using link preload but not used within a few seconds from the window's load event. Please make sure it has an appropriate `as` value and it is preloaded intentionally. @ https://challenges.cloudflare.com/cdn-cgi/challenge-platform/h/g/turnstile/f/ov2/av0/rch/pqxwu/0x4AAAAAAAWXJGBD7bONzLBd/auto/fbE/auto_timeout/normal?lang=en-us:0
[ 2702999ms] [ERROR]  Note that 'script-src' was not explicitly set, so 'default-src' is used as a fallback. @ https://challenges.cloudflare.com/cdn-cgi/challenge-platform/h/g/turnstile/f/ov2/av0/rch/pqxwu/0x4AAAAAAAWXJGBD7bONzLBd/auto/fbE/auto_timeout/normal?lang=en-us:0
[ 2703462ms] [ERROR] %c%d font-size:0;color:transparent NaN @ https://challenges.cloudflare.com/cdn-cgi/challenge-platform/h/g/turnstile/f/ov2/av0/rch/pqxwu/0x4AAAAAAAWXJGBD7bONzLBd/auto/fbE/auto_timeout/normal?lang=en-us:0
[ 2703463ms] [ERROR] %c%d font-size:0;color:transparent NaN @ https://challenges.cloudflare.com/cdn-cgi/challenge-platform/h/g/turnstile/f/ov2/av0/rch/pqxwu/0x4AAAAAAAWXJGBD7bONzLBd/auto/fbE/auto_timeout/normal?lang=en-us:0
[ 2703468ms] [WARNING] %c%d font-size:0;color:transparent NaN @ https://challenges.cloudflare.com/cdn-cgi/challenge-platform/h/g/turnstile/f/ov2/av0/rch/pqxwu/0x4AAAAAAAWXJGBD7bONzLBd/auto/fbE/auto_timeout/normal?lang=en-us:0
[ 2703468ms] [WARNING] %c%d font-size:0;color:transparent NaN @ https://challenges.cloudflare.com/cdn-cgi/challenge-platform/h/g/turnstile/f/ov2/av0/rch/pqxwu/0x4AAAAAAAWXJGBD7bONzLBd/auto/fbE/auto_timeout/normal?lang=en-us:0
[ 2704743ms] [ERROR] Failed to load resource: the server responded with a status of 401 () @ https://challenges.cloudflare.com/cdn-cgi/challenge-platform/h/g/pat/9e4bbd81ef84d482/1774922215994/dcdf5dee1049a9dbd801bc82eb8d686d43214b770a4ec775bdca4c7c0bc3d352/3zUHeN7i9drM3jC:0
[ 2715082ms] [WARNING] The resource https://challenges.cloudflare.com/cdn-cgi/challenge-platform/h/g/cmg/1 was preloaded using link preload but not used within a few seconds from the window's load event. Please make sure it has an appropriate `as` value and it is preloaded intentionally. @ https://challenges.cloudflare.com/cdn-cgi/challenge-platform/h/g/turnstile/f/ov2/av0/rch/pqxwu/0x4AAAAAAAWXJGBD7bONzLBd/auto/fbE/auto_timeout/normal?lang=en-us:0
[ 2718352ms] [WARNING] The resource https://challenges.cloudflare.com/cdn-cgi/challenge-platform/h/g/cmg/1 was preloaded using link preload but not used within a few seconds from the window's load event. Please make sure it has an appropriate `as` value and it is preloaded intentionally. @ https://challenges.cloudflare.com/cdn-cgi/challenge-platform/h/g/turnstile/f/ov2/av0/rch/pqxwu/0x4AAAAAAAWXJGBD7bONzLBd/auto/fbE/auto_timeout/normal?lang=en-us:0
[ 2842482ms] [ERROR] Failed to load resource: the server responded with a status of 401 () @ https://challenges.cloudflare.com/cdn-cgi/challenge-platform/h/g/pat/9e4bc0eb0b3ad124/1774922355541/a9558c75c5c61c4eccecb08e940b49a2d0b7ea99533fdbb226a7f2f55f2f0cc1/KCWvYBx7RBKqjKk:0
[ 2842801ms] [ERROR]  Note that 'script-src' was not explicitly set, so 'default-src' is used as a fallback. @ https://challenges.cloudflare.com/cdn-cgi/challenge-platform/h/g/turnstile/f/ov2/av0/rch/pqxwu/0x4AAAAAAAWXJGBD7bONzLBd/auto/fbE/auto_timeout/normal?lang=en-us:0
[ 2843632ms] [ERROR] %c%d font-size:0;color:transparent NaN @ https://challenges.cloudflare.com/cdn-cgi/challenge-platform/h/g/turnstile/f/ov2/av0/rch/pqxwu/0x4AAAAAAAWXJGBD7bONzLBd/auto/fbE/auto_timeout/normal?lang=en-us:0
[ 2843633ms] [ERROR] %c%d font-size:0;color:transparent NaN @ https://challenges.cloudflare.com/cdn-cgi/challenge-platform/h/g/turnstile/f/ov2/av0/rch/pqxwu/0x4AAAAAAAWXJGBD7bONzLBd/auto/fbE/auto_timeout/normal?lang=en-us:0
[ 2843641ms] [WARNING] %c%d font-size:0;color:transparent NaN @ https://challenges.cloudflare.com/cdn-cgi/challenge-platform/h/g/turnstile/f/ov2/av0/rch/pqxwu/0x4AAAAAAAWXJGBD7bONzLBd/auto/fbE/auto_timeout/normal?lang=en-us:0
[ 2843641ms] [WARNING] %c%d font-size:0;color:transparent NaN @ https://challenges.cloudflare.com/cdn-cgi/challenge-platform/h/g/turnstile/f/ov2/av0/rch/pqxwu/0x4AAAAAAAWXJGBD7bONzLBd/auto/fbE/auto_timeout/normal?lang=en-us:0
[ 2858093ms] [WARNING] The resource https://challenges.cloudflare.com/cdn-cgi/challenge-platform/h/g/cmg/1 was preloaded using link preload but not used within a few seconds from the window's load event. Please make sure it has an appropriate `as` value and it is preloaded intentionally. @ https://challenges.cloudflare.com/cdn-cgi/challenge-platform/h/g/turnstile/f/ov2/av0/rch/pqxwu/0x4AAAAAAAWXJGBD7bONzLBd/auto/fbE/auto_timeout/normal?lang=en-us:0
[ 2978122ms] [ERROR]  Note that 'script-src' was not explicitly set, so 'default-src' is used as a fallback. @ https://challenges.cloudflare.com/cdn-cgi/challenge-platform/h/g/turnstile/f/ov2/av0/rch/pqxwu/0x4AAAAAAAWXJGBD7bONzLBd/auto/fbE/auto_timeout/normal?lang=en-us:0
[ 2978634ms] [ERROR] Failed to load resource: the server responded with a status of 401 () @ https://challenges.cloudflare.com/cdn-cgi/challenge-platform/h/g/pat/9e4bc4383c7750f9/1774922490806/cf9f103c917053129a49a62b90105bc11c816bfbac92401181685253fed30574/WxjtRkZOa8QiirA:0
[ 2978926ms] [ERROR] %c%d font-size:0;color:transparent NaN @ https://challenges.cloudflare.com/cdn-cgi/challenge-platform/h/g/turnstile/f/ov2/av0/rch/pqxwu/0x4AAAAAAAWXJGBD7bONzLBd/auto/fbE/auto_timeout/normal?lang=en-us:0
[ 2978926ms] [ERROR] %c%d font-size:0;color:transparent NaN @ https://challenges.cloudflare.com/cdn-cgi/challenge-platform/h/g/turnstile/f/ov2/av0/rch/pqxwu/0x4AAAAAAAWXJGBD7bONzLBd/auto/fbE/auto_timeout/normal?lang=en-us:0
[ 2978936ms] [WARNING] %c%d font-size:0;color:transparent NaN @ https://challenges.cloudflare.com/cdn-cgi/challenge-platform/h/g/turnstile/f/ov2/av0/rch/pqxwu/0x4AAAAAAAWXJGBD7bONzLBd/auto/fbE/auto_timeout/normal?lang=en-us:0
[ 2978936ms] [WARNING] %c%d font-size:0;color:transparent NaN @ https://challenges.cloudflare.com/cdn-cgi/challenge-platform/h/g/turnstile/f/ov2/av0/rch/pqxwu/0x4AAAAAAAWXJGBD7bONzLBd/auto/fbE/auto_timeout/normal?lang=en-us:0
[ 2993233ms] [WARNING] The resource https://challenges.cloudflare.com/cdn-cgi/challenge-platform/h/g/cmg/1 was preloaded using link preload but not used within a few seconds from the window's load event. Please make sure it has an appropriate `as` value and it is preloaded intentionally. @ https://challenges.cloudflare.com/cdn-cgi/challenge-platform/h/g/turnstile/f/ov2/av0/rch/pqxwu/0x4AAAAAAAWXJGBD7bONzLBd/auto/fbE/auto_timeout/normal?lang=en-us:0
[ 3112620ms] [ERROR]  Note that 'script-src' was not explicitly set, so 'default-src' is used as a fallback. @ https://challenges.cloudflare.com/cdn-cgi/challenge-platform/h/g/turnstile/f/ov2/av0/rch/pqxwu/0x4AAAAAAAWXJGBD7bONzLBd/auto/fbE/auto_timeout/normal?lang=en-us:0
[ 3113081ms] [ERROR] Failed to load resource: the server responded with a status of 401 () @ https://challenges.cloudflare.com/cdn-cgi/challenge-platform/h/g/pat/9e4bc784ce67d122/1774922625982/f734c4c7e279a03febff0707bd16a85eeb5f9ed9cf7a8d9c33a603ae0a2d93d8/rRIS3nm49KsSn8z:0
[ 3114263ms] [ERROR] %c%d font-size:0;color:transparent NaN @ https://challenges.cloudflare.com/cdn-cgi/challenge-platform/h/g/turnstile/f/ov2/av0/rch/pqxwu/0x4AAAAAAAWXJGBD7bONzLBd/auto/fbE/auto_timeout/normal?lang=en-us:0
[ 3114264ms] [ERROR] %c%d font-size:0;color:transparent NaN @ https://challenges.cloudflare.com/cdn-cgi/challenge-platform/h/g/turnstile/f/ov2/av0/rch/pqxwu/0x4AAAAAAAWXJGBD7bONzLBd/auto/fbE/auto_timeout/normal?lang=en-us:0
[ 3114271ms] [WARNING] %c%d font-size:0;color:transparent NaN @ https://challenges.cloudflare.com/cdn-cgi/challenge-platform/h/g/turnstile/f/ov2/av0/rch/pqxwu/0x4AAAAAAAWXJGBD7bONzLBd/auto/fbE/auto_timeout/normal?lang=en-us:0
[ 3114272ms] [WARNING] %c%d font-size:0;color:transparent NaN @ https://challenges.cloudflare.com/cdn-cgi/challenge-platform/h/g/turnstile/f/ov2/av0/rch/pqxwu/0x4AAAAAAAWXJGBD7bONzLBd/auto/fbE/auto_timeout/normal?lang=en-us:0
[ 3128677ms] [WARNING] The resource https://challenges.cloudflare.com/cdn-cgi/challenge-platform/h/g/cmg/1 was preloaded using link preload but not used within a few seconds from the window's load event. Please make sure it has an appropriate `as` value and it is preloaded intentionally. @ https://challenges.cloudflare.com/cdn-cgi/challenge-platform/h/g/turnstile/f/ov2/av0/rch/pqxwu/0x4AAAAAAAWXJGBD7bONzLBd/auto/fbE/auto_timeout/normal?lang=en-us:0
[ 3248501ms] [ERROR] Failed to load resource: the server responded with a status of 401 () @ https://challenges.cloudflare.com/cdn-cgi/challenge-platform/h/g/pat/9e4bcad48fe46ef7/1774922761678/76f7ee39cbb04ce87d4dede9319ad2476d8477e848560e6f571c8e7922974beb/VdCr8bf4U1L968-:0
[ 3250006ms] [ERROR] %c%d font-size:0;color:transparent NaN @ https://challenges.cloudflare.com/cdn-cgi/challenge-platform/h/g/turnstile/f/ov2/av0/rch/pqxwu/0x4AAAAAAAWXJGBD7bONzLBd/auto/fbE/auto_timeout/normal?lang=en-us:0
[ 3250007ms] [ERROR] %c%d font-size:0;color:transparent NaN @ https://challenges.cloudflare.com/cdn-cgi/challenge-platform/h/g/turnstile/f/ov2/av0/rch/pqxwu/0x4AAAAAAAWXJGBD7bONzLBd/auto/fbE/auto_timeout/normal?lang=en-us:0
[ 3250014ms] [WARNING] %c%d font-size:0;color:transparent NaN @ https://challenges.cloudflare.com/cdn-cgi/challenge-platform/h/g/turnstile/f/ov2/av0/rch/pqxwu/0x4AAAAAAAWXJGBD7bONzLBd/auto/fbE/auto_timeout/normal?lang=en-us:0
[ 3250015ms] [WARNING] %c%d font-size:0;color:transparent NaN @ https://challenges.cloudflare.com/cdn-cgi/challenge-platform/h/g/turnstile/f/ov2/av0/rch/pqxwu/0x4AAAAAAAWXJGBD7bONzLBd/auto/fbE/auto_timeout/normal?lang=en-us:0
[ 3250347ms] [ERROR]  Note that 'script-src' was not explicitly set, so 'default-src' is used as a fallback. @ https://challenges.cloudflare.com/cdn-cgi/challenge-platform/h/g/turnstile/f/ov2/av0/rch/pqxwu/0x4AAAAAAAWXJGBD7bONzLBd/auto/fbE/auto_timeout/normal?lang=en-us:0
[ 3265343ms] [WARNING] The resource https://challenges.cloudflare.com/cdn-cgi/challenge-platform/h/g/cmg/1 was preloaded using link preload but not used within a few seconds from the window's load event. Please make sure it has an appropriate `as` value and it is preloaded intentionally. @ https://challenges.cloudflare.com/cdn-cgi/challenge-platform/h/g/turnstile/f/ov2/av0/rch/pqxwu/0x4AAAAAAAWXJGBD7bONzLBd/auto/fbE/auto_timeout/normal?lang=en-us:0
[ 3385669ms] [ERROR] Failed to load resource: the server responded with a status of 401 () @ https://challenges.cloudflare.com/cdn-cgi/challenge-platform/h/g/pat/9e4bce297e7dd6e6/1774922898099/883d902ac9b835de7fcb8c383787f429a67813d5ac2ce00f408b5b1ad23aa48f/rtmdv2qAzCwibUt:0
[ 3385721ms] [ERROR]  Note that 'script-src' was not explicitly set, so 'default-src' is used as a fallback. @ https://challenges.cloudflare.com/cdn-cgi/challenge-platform/h/g/turnstile/f/ov2/av0/rch/pqxwu/0x4AAAAAAAWXJGBD7bONzLBd/auto/fbE/auto_timeout/normal?lang=en-us:0
[ 3386323ms] [ERROR] %c%d font-size:0;color:transparent NaN @ https://challenges.cloudflare.com/cdn-cgi/challenge-platform/h/g/turnstile/f/ov2/av0/rch/pqxwu/0x4AAAAAAAWXJGBD7bONzLBd/auto/fbE/auto_timeout/normal?lang=en-us:0
[ 3386326ms] [ERROR] %c%d font-size:0;color:transparent NaN @ https://challenges.cloudflare.com/cdn-cgi/challenge-platform/h/g/turnstile/f/ov2/av0/rch/pqxwu/0x4AAAAAAAWXJGBD7bONzLBd/auto/fbE/auto_timeout/normal?lang=en-us:0
[ 3386336ms] [WARNING] %c%d font-size:0;color:transparent NaN @ https://challenges.cloudflare.com/cdn-cgi/challenge-platform/h/g/turnstile/f/ov2/av0/rch/pqxwu/0x4AAAAAAAWXJGBD7bONzLBd/auto/fbE/auto_timeout/normal?lang=en-us:0
[ 3386337ms] [WARNING] %c%d font-size:0;color:transparent NaN @ https://challenges.cloudflare.com/cdn-cgi/challenge-platform/h/g/turnstile/f/ov2/av0/rch/pqxwu/0x4AAAAAAAWXJGBD7bONzLBd/auto/fbE/auto_timeout/normal?lang=en-us:0
[ 3400547ms] [WARNING] The resource https://challenges.cloudflare.com/cdn-cgi/challenge-platform/h/g/cmg/1 was preloaded using link preload but not used within a few seconds from the window's load event. Please make sure it has an appropriate `as` value and it is preloaded intentionally. @ https://challenges.cloudflare.com/cdn-cgi/challenge-platform/h/g/turnstile/f/ov2/av0/rch/pqxwu/0x4AAAAAAAWXJGBD7bONzLBd/auto/fbE/auto_timeout/normal?lang=en-us:0
[ 3521355ms] [ERROR] %c%d font-size:0;color:transparent NaN @ https://challenges.cloudflare.com/cdn-cgi/challenge-platform/h/g/turnstile/f/ov2/av0/rch/pqxwu/0x4AAAAAAAWXJGBD7bONzLBd/auto/fbE/auto_timeout/normal?lang=en-us:0
[ 3521356ms] [ERROR] %c%d font-size:0;color:transparent NaN @ https://challenges.cloudflare.com/cdn-cgi/challenge-platform/h/g/turnstile/f/ov2/av0/rch/pqxwu/0x4AAAAAAAWXJGBD7bONzLBd/auto/fbE/auto_timeout/normal?lang=en-us:0
[ 3521364ms] [WARNING] %c%d font-size:0;color:transparent NaN @ https://challenges.cloudflare.com/cdn-cgi/challenge-platform/h/g/turnstile/f/ov2/av0/rch/pqxwu/0x4AAAAAAAWXJGBD7bONzLBd/auto/fbE/auto_timeout/normal?lang=en-us:0
[ 3521365ms] [WARNING] %c%d font-size:0;color:transparent NaN @ https://challenges.cloudflare.com/cdn-cgi/challenge-platform/h/g/turnstile/f/ov2/av0/rch/pqxwu/0x4AAAAAAAWXJGBD7bONzLBd/auto/fbE/auto_timeout/normal?lang=en-us:0
[ 3521807ms] [ERROR] Failed to load resource: the server responded with a status of 401 () @ https://challenges.cloudflare.com/cdn-cgi/challenge-platform/h/g/pat/9e4bd1767a94ca0d/1774923033328/460cef51e52654718c84a893f91f43cd084b64f1dd403cca0766757df2dca99d/FPuigIylRqGceW1:0
[ 3522011ms] [ERROR]  Note that 'script-src' was not explicitly set, so 'default-src' is used as a fallback. @ https://challenges.cloudflare.com/cdn-cgi/challenge-platform/h/g/turnstile/f/ov2/av0/rch/pqxwu/0x4AAAAAAAWXJGBD7bONzLBd/auto/fbE/auto_timeout/normal?lang=en-us:0
[ 3537662ms] [WARNING] The resource https://challenges.cloudflare.com/cdn-cgi/challenge-platform/h/g/cmg/1 was preloaded using link preload but not used within a few seconds from the window's load event. Please make sure it has an appropriate `as` value and it is preloaded intentionally. @ https://challenges.cloudflare.com/cdn-cgi/challenge-platform/h/g/turnstile/f/ov2/av0/rch/pqxwu/0x4AAAAAAAWXJGBD7bONzLBd/auto/fbE/auto_timeout/normal?lang=en-us:0
[ 3659157ms] [ERROR]  Note that 'script-src' was not explicitly set, so 'default-src' is used as a fallback. @ https://challenges.cloudflare.com/cdn-cgi/challenge-platform/h/g/turnstile/f/ov2/av0/rch/pqxwu/0x4AAAAAAAWXJGBD7bONzLBd/auto/fbE/auto_timeout/normal?lang=en-us:0
[ 3659959ms] [ERROR] Failed to load resource: the server responded with a status of 401 () @ https://challenges.cloudflare.com/cdn-cgi/challenge-platform/h/g/pat/9e4bd4d0bb2e3c8f/1774923170842/edf04156c5078e049e29b041bf91dd0e4b91fcaf1c0ea8c65f2eaff50e941e89/x2swXWaJuZ174HP:0
[ 3660031ms] [ERROR] %c%d font-size:0;color:transparent NaN @ https://challenges.cloudflare.com/cdn-cgi/challenge-platform/h/g/turnstile/f/ov2/av0/rch/pqxwu/0x4AAAAAAAWXJGBD7bONzLBd/auto/fbE/auto_timeout/normal?lang=en-us:0
[ 3660032ms] [ERROR] %c%d font-size:0;color:transparent NaN @ https://challenges.cloudflare.com/cdn-cgi/challenge-platform/h/g/turnstile/f/ov2/av0/rch/pqxwu/0x4AAAAAAAWXJGBD7bONzLBd/auto/fbE/auto_timeout/normal?lang=en-us:0
[ 3660045ms] [WARNING] %c%d font-size:0;color:transparent NaN @ https://challenges.cloudflare.com/cdn-cgi/challenge-platform/h/g/turnstile/f/ov2/av0/rch/pqxwu/0x4AAAAAAAWXJGBD7bONzLBd/auto/fbE/auto_timeout/normal?lang=en-us:0
[ 3660046ms] [WARNING] %c%d font-size:0;color:transparent NaN @ https://challenges.cloudflare.com/cdn-cgi/challenge-platform/h/g/turnstile/f/ov2/av0/rch/pqxwu/0x4AAAAAAAWXJGBD7bONzLBd/auto/fbE/auto_timeout/normal?lang=en-us:0
[ 3674719ms] [WARNING] The resource https://challenges.cloudflare.com/cdn-cgi/challenge-platform/h/g/cmg/1 was preloaded using link preload but not used within a few seconds from the window's load event. Please make sure it has an appropriate `as` value and it is preloaded intentionally. @ https://challenges.cloudflare.com/cdn-cgi/challenge-platform/h/g/turnstile/f/ov2/av0/rch/pqxwu/0x4AAAAAAAWXJGBD7bONzLBd/auto/fbE/auto_timeout/normal?lang=en-us:0
[ 3794283ms] [ERROR] %c%d font-size:0;color:transparent NaN @ https://challenges.cloudflare.com/cdn-cgi/challenge-platform/h/g/turnstile/f/ov2/av0/rch/pqxwu/0x4AAAAAAAWXJGBD7bONzLBd/auto/fbE/auto_timeout/normal?lang=en-us:0
[ 3794284ms] [ERROR] %c%d font-size:0;color:transparent NaN @ https://challenges.cloudflare.com/cdn-cgi/challenge-platform/h/g/turnstile/f/ov2/av0/rch/pqxwu/0x4AAAAAAAWXJGBD7bONzLBd/auto/fbE/auto_timeout/normal?lang=en-us:0
[ 3794298ms] [WARNING] %c%d font-size:0;color:transparent NaN @ https://challenges.cloudflare.com/cdn-cgi/challenge-platform/h/g/turnstile/f/ov2/av0/rch/pqxwu/0x4AAAAAAAWXJGBD7bONzLBd/auto/fbE/auto_timeout/normal?lang=en-us:0
[ 3794299ms] [WARNING] %c%d font-size:0;color:transparent NaN @ https://challenges.cloudflare.com/cdn-cgi/challenge-platform/h/g/turnstile/f/ov2/av0/rch/pqxwu/0x4AAAAAAAWXJGBD7bONzLBd/auto/fbE/auto_timeout/normal?lang=en-us:0
[ 3795435ms] [ERROR]  Note that 'script-src' was not explicitly set, so 'default-src' is used as a fallback. @ https://challenges.cloudflare.com/cdn-cgi/challenge-platform/h/g/turnstile/f/ov2/av0/rch/pqxwu/0x4AAAAAAAWXJGBD7bONzLBd/auto/fbE/auto_timeout/normal?lang=en-us:0
[ 3795878ms] [ERROR] Failed to load resource: the server responded with a status of 401 () @ https://challenges.cloudflare.com/cdn-cgi/challenge-platform/h/g/pat/9e4bd827f864790a/1774923307541/5bdc16bb4678fcddbd8e205f49a5cbdf3dbc884cf06f35f4b93a7983351c4c31/Q2wldwaQ1rhoIiV:0
[ 3808067ms] [WARNING] The resource https://challenges.cloudflare.com/cdn-cgi/challenge-platform/h/g/cmg/1 was preloaded using link preload but not used within a few seconds from the window's load event. Please make sure it has an appropriate `as` value and it is preloaded intentionally. @ https://challenges.cloudflare.com/cdn-cgi/challenge-platform/h/g/turnstile/f/ov2/av0/rch/pqxwu/0x4AAAAAAAWXJGBD7bONzLBd/auto/fbE/auto_timeout/normal?lang=en-us:0
[ 3811460ms] [WARNING] The resource https://challenges.cloudflare.com/cdn-cgi/challenge-platform/h/g/cmg/1 was preloaded using link preload but not used within a few seconds from the window's load event. Please make sure it has an appropriate `as` value and it is preloaded intentionally. @ https://challenges.cloudflare.com/cdn-cgi/challenge-platform/h/g/turnstile/f/ov2/av0/rch/pqxwu/0x4AAAAAAAWXJGBD7bONzLBd/auto/fbE/auto_timeout/normal?lang=en-us:0
[ 3932252ms] [ERROR] %c%d font-size:0;color:transparent NaN @ https://challenges.cloudflare.com/cdn-cgi/challenge-platform/h/g/turnstile/f/ov2/av0/rch/pqxwu/0x4AAAAAAAWXJGBD7bONzLBd/auto/fbE/auto_timeout/normal?lang=en-us:0
[ 3932252ms] [ERROR] %c%d font-size:0;color:transparent NaN @ https://challenges.cloudflare.com/cdn-cgi/challenge-platform/h/g/turnstile/f/ov2/av0/rch/pqxwu/0x4AAAAAAAWXJGBD7bONzLBd/auto/fbE/auto_timeout/normal?lang=en-us:0
[ 3932263ms] [WARNING] %c%d font-size:0;color:transparent NaN @ https://challenges.cloudflare.com/cdn-cgi/challenge-platform/h/g/turnstile/f/ov2/av0/rch/pqxwu/0x4AAAAAAAWXJGBD7bONzLBd/auto/fbE/auto_timeout/normal?lang=en-us:0
[ 3932264ms] [WARNING] %c%d font-size:0;color:transparent NaN @ https://challenges.cloudflare.com/cdn-cgi/challenge-platform/h/g/turnstile/f/ov2/av0/rch/pqxwu/0x4AAAAAAAWXJGBD7bONzLBd/auto/fbE/auto_timeout/normal?lang=en-us:0
[ 3932715ms] [ERROR]  Note that 'script-src' was not explicitly set, so 'default-src' is used as a fallback. @ https://challenges.cloudflare.com/cdn-cgi/challenge-platform/h/g/turnstile/f/ov2/av0/rch/pqxwu/0x4AAAAAAAWXJGBD7bONzLBd/auto/fbE/auto_timeout/normal?lang=en-us:0
[ 3933520ms] [ERROR] Failed to load resource: the server responded with a status of 401 () @ https://challenges.cloudflare.com/cdn-cgi/challenge-platform/h/g/pat/9e4bdb812c03f13c/1774923444690/936ce82f0095d349da4408e744f82f41519e0b102abdb354947a8b6e29d966e2/ny6UNr2i4qEmU69:0
[ 3947760ms] [WARNING] The resource https://challenges.cloudflare.com/cdn-cgi/challenge-platform/h/g/cmg/1 was preloaded using link preload but not used within a few seconds from the window's load event. Please make sure it has an appropriate `as` value and it is preloaded intentionally. @ https://challenges.cloudflare.com/cdn-cgi/challenge-platform/h/g/turnstile/f/ov2/av0/rch/pqxwu/0x4AAAAAAAWXJGBD7bONzLBd/auto/fbE/auto_timeout/normal?lang=en-us:0
[ 4068039ms] [ERROR] %c%d font-size:0;color:transparent NaN @ https://challenges.cloudflare.com/cdn-cgi/challenge-platform/h/g/turnstile/f/ov2/av0/rch/pqxwu/0x4AAAAAAAWXJGBD7bONzLBd/auto/fbE/auto_timeout/normal?lang=en-us:0
[ 4068039ms] [ERROR] %c%d font-size:0;color:transparent NaN @ https://challenges.cloudflare.com/cdn-cgi/challenge-platform/h/g/turnstile/f/ov2/av0/rch/pqxwu/0x4AAAAAAAWXJGBD7bONzLBd/auto/fbE/auto_timeout/normal?lang=en-us:0
[ 4068043ms] [WARNING] %c%d font-size:0;color:transparent NaN @ https://challenges.cloudflare.com/cdn-cgi/challenge-platform/h/g/turnstile/f/ov2/av0/rch/pqxwu/0x4AAAAAAAWXJGBD7bONzLBd/auto/fbE/auto_timeout/normal?lang=en-us:0
[ 4068044ms] [WARNING] %c%d font-size:0;color:transparent NaN @ https://challenges.cloudflare.com/cdn-cgi/challenge-platform/h/g/turnstile/f/ov2/av0/rch/pqxwu/0x4AAAAAAAWXJGBD7bONzLBd/auto/fbE/auto_timeout/normal?lang=en-us:0
[ 4068227ms] [ERROR]  Note that 'script-src' was not explicitly set, so 'default-src' is used as a fallback. @ https://challenges.cloudflare.com/cdn-cgi/challenge-platform/h/g/turnstile/f/ov2/av0/rch/pqxwu/0x4AAAAAAAWXJGBD7bONzLBd/auto/fbE/auto_timeout/normal?lang=en-us:0
[ 4069187ms] [ERROR] Failed to load resource: the server responded with a status of 401 () @ https://challenges.cloudflare.com/cdn-cgi/challenge-platform/h/g/pat/9e4bded2adcfd145/1774923580768/7dda7c43e376a31ed7f97f7931047a5d473bb0584f0971c41b06386cdf9254ac/CHU2p4-g-mUAChV:0
[ 4079819ms] [WARNING] The resource https://challenges.cloudflare.com/cdn-cgi/challenge-platform/h/g/cmg/1 was preloaded using link preload but not used within a few seconds from the window's load event. Please make sure it has an appropriate `as` value and it is preloaded intentionally. @ https://challenges.cloudflare.com/cdn-cgi/challenge-platform/h/g/turnstile/f/ov2/av0/rch/pqxwu/0x4AAAAAAAWXJGBD7bONzLBd/auto/fbE/auto_timeout/normal?lang=en-us:0
[ 4083086ms] [WARNING] The resource https://challenges.cloudflare.com/cdn-cgi/challenge-platform/h/g/cmg/1 was preloaded using link preload but not used within a few seconds from the window's load event. Please make sure it has an appropriate `as` value and it is preloaded intentionally. @ https://challenges.cloudflare.com/cdn-cgi/challenge-platform/h/g/turnstile/f/ov2/av0/rch/pqxwu/0x4AAAAAAAWXJGBD7bONzLBd/auto/fbE/auto_timeout/normal?lang=en-us:0
[ 4205590ms] [ERROR] Failed to load resource: the server responded with a status of 401 () @ https://challenges.cloudflare.com/cdn-cgi/challenge-platform/h/g/pat/9e4be221e8d6f535/1774923717021/f3cbdb0b7b9526ae83cdb75cca8771a249b45a81f5c69f350702eb73687db608/ziEuco-Syyml2iP:0
[ 4205968ms] [ERROR] %c%d font-size:0;color:transparent NaN @ https://challenges.cloudflare.com/cdn-cgi/challenge-platform/h/g/turnstile/f/ov2/av0/rch/pqxwu/0x4AAAAAAAWXJGBD7bONzLBd/auto/fbE/auto_timeout/normal?lang=en-us:0
[ 4205969ms] [ERROR] %c%d font-size:0;color:transparent NaN @ https://challenges.cloudflare.com/cdn-cgi/challenge-platform/h/g/turnstile/f/ov2/av0/rch/pqxwu/0x4AAAAAAAWXJGBD7bONzLBd/auto/fbE/auto_timeout/normal?lang=en-us:0
[ 4205983ms] [WARNING] %c%d font-size:0;color:transparent NaN @ https://challenges.cloudflare.com/cdn-cgi/challenge-platform/h/g/turnstile/f/ov2/av0/rch/pqxwu/0x4AAAAAAAWXJGBD7bONzLBd/auto/fbE/auto_timeout/normal?lang=en-us:0
[ 4205985ms] [WARNING] %c%d font-size:0;color:transparent NaN @ https://challenges.cloudflare.com/cdn-cgi/challenge-platform/h/g/turnstile/f/ov2/av0/rch/pqxwu/0x4AAAAAAAWXJGBD7bONzLBd/auto/fbE/auto_timeout/normal?lang=en-us:0
[ 4207134ms] [ERROR]  Note that 'script-src' was not explicitly set, so 'default-src' is used as a fallback. @ https://challenges.cloudflare.com/cdn-cgi/challenge-platform/h/g/turnstile/f/ov2/av0/rch/pqxwu/0x4AAAAAAAWXJGBD7bONzLBd/auto/fbE/auto_timeout/normal?lang=en-us:0
[ 4222149ms] [WARNING] The resource https://challenges.cloudflare.com/cdn-cgi/challenge-platform/h/g/cmg/1 was preloaded using link preload but not used within a few seconds from the window's load event. Please make sure it has an appropriate `as` value and it is preloaded intentionally. @ https://challenges.cloudflare.com/cdn-cgi/challenge-platform/h/g/turnstile/f/ov2/av0/rch/pqxwu/0x4AAAAAAAWXJGBD7bONzLBd/auto/fbE/auto_timeout/normal?lang=en-us:0
[ 4341580ms] [ERROR]  Note that 'script-src' was not explicitly set, so 'default-src' is used as a fallback. @ https://challenges.cloudflare.com/cdn-cgi/challenge-platform/h/g/turnstile/f/ov2/av0/rch/pqxwu/0x4AAAAAAAWXJGBD7bONzLBd/auto/fbE/auto_timeout/normal?lang=en-us:0
[ 4341784ms] [ERROR] %c%d font-size:0;color:transparent NaN @ https://challenges.cloudflare.com/cdn-cgi/challenge-platform/h/g/turnstile/f/ov2/av0/rch/pqxwu/0x4AAAAAAAWXJGBD7bONzLBd/auto/fbE/auto_timeout/normal?lang=en-us:0
[ 4341785ms] [ERROR] %c%d font-size:0;color:transparent NaN @ https://challenges.cloudflare.com/cdn-cgi/challenge-platform/h/g/turnstile/f/ov2/av0/rch/pqxwu/0x4AAAAAAAWXJGBD7bONzLBd/auto/fbE/auto_timeout/normal?lang=en-us:0
[ 4341794ms] [WARNING] %c%d font-size:0;color:transparent NaN @ https://challenges.cloudflare.com/cdn-cgi/challenge-platform/h/g/turnstile/f/ov2/av0/rch/pqxwu/0x4AAAAAAAWXJGBD7bONzLBd/auto/fbE/auto_timeout/normal?lang=en-us:0
[ 4341794ms] [WARNING] %c%d font-size:0;color:transparent NaN @ https://challenges.cloudflare.com/cdn-cgi/challenge-platform/h/g/turnstile/f/ov2/av0/rch/pqxwu/0x4AAAAAAAWXJGBD7bONzLBd/auto/fbE/auto_timeout/normal?lang=en-us:0
[ 4343568ms] [ERROR] Failed to load resource: the server responded with a status of 401 () @ https://challenges.cloudflare.com/cdn-cgi/challenge-platform/h/g/pat/9e4be58679a36f0e/1774923855023/b1c2fde82d4a6678dbc11964fa9105c81efd4683f6c4af128fbf9fd52fc3bc98/3MSkEfQPdAyyo-x:0
[ 4353374ms] [WARNING] The resource https://challenges.cloudflare.com/cdn-cgi/challenge-platform/h/g/cmg/1 was preloaded using link preload but not used within a few seconds from the window's load event. Please make sure it has an appropriate `as` value and it is preloaded intentionally. @ https://challenges.cloudflare.com/cdn-cgi/challenge-platform/h/g/turnstile/f/ov2/av0/rch/pqxwu/0x4AAAAAAAWXJGBD7bONzLBd/auto/fbE/auto_timeout/normal?lang=en-us:0
[ 4357293ms] [WARNING] The resource https://challenges.cloudflare.com/cdn-cgi/challenge-platform/h/g/cmg/1 was preloaded using link preload but not used within a few seconds from the window's load event. Please make sure it has an appropriate `as` value and it is preloaded intentionally. @ https://challenges.cloudflare.com/cdn-cgi/challenge-platform/h/g/turnstile/f/ov2/av0/rch/pqxwu/0x4AAAAAAAWXJGBD7bONzLBd/auto/fbE/auto_timeout/normal?lang=en-us:0
